2023-02-18 03:52:50 com\zoho\api\logger\SDKLogger INFO Initialization successful for Email Id : daniel.artemiev@outlook.com in Environment : https://www.zohoapis.eu.
2023-02-18 03:52:50 com\zoho\api\logger\SDKLogger INFO GET - URL = https://www.zohoapis.eu/crm/v2/settings/fields?module=Leads , headers = {"Authorization":" ## can't disclose ## ","X-ZOHO-SDK":"Windows NT\/10.0\/php-2.0\/8.1.6:4.0.0"} , PARAMS = {"module":"Leads"}.
2023-02-18 03:52:50 com\zoho\api\logger\SDKLogger SEVERE Exception :  com\zoho\crm\api\exception\SDKException Caused by : API_EXCEPTION - {"code":"AUTHENTICATION_FAILURE","status":"error","message":"Authentication failed"}
C:\xampp1\htdocs\zohoCRM\zohoCRM\vendor\zohocrm\php-sdk-2.0\src\com\zoho\crm\api\util\Utility.php- 649- 
#0 C:\xampp1\htdocs\zohoCRM\zohoCRM\vendor\zohocrm\php-sdk-2.0\src\com\zoho\crm\api\util\Utility.php(97): com\zoho\crm\api\util\Utility::getFieldDetails('Leads')
#1 C:\xampp1\htdocs\zohoCRM\zohoCRM\vendor\zohocrm\php-sdk-2.0\src\com\zoho\crm\api\util\Utility.php(211): com\zoho\crm\api\util\Utility::fileExistsFlow('Leads', 'C:\\xampp1\\htdoc...', NULL)
#2 C:\xampp1\htdocs\zohoCRM\zohoCRM\vendor\zohocrm\php-sdk-2.0\src\com\zoho\crm\api\util\Utility.php(171): com\zoho\crm\api\util\Utility::getFieldsInfo('Leads', Object(com\zoho\crm\api\util\CommonAPIHandler))
#3 C:\xampp1\htdocs\zohoCRM\zohoCRM\vendor\zohocrm\php-sdk-2.0\src\com\zoho\crm\api\record\RecordOperations.php(117): com\zoho\crm\api\util\Utility::getFields('Leads', Object(com\zoho\crm\api\util\CommonAPIHandler))
#4 C:\xampp1\htdocs\zohoCRM\zohoCRM\app\ZohoInitializer.php(152): com\zoho\crm\api\record\RecordOperations->getRecords('Leads', Object(com\zoho\crm\api\ParameterMap), Object(com\zoho\crm\api\HeaderMap))
#5 C:\xampp1\htdocs\zohoCRM\zohoCRM\app\Http\Controllers\ZohocrmController.php(23): App\ZohoInitializer->initialize()
#6 C:\xampp1\htdocs\zohoCRM\zohoCRM\vendor\laravel\framework\src\Illuminate\Routing\Controller.php(54): App\Http\Controllers\ZohocrmController->show(Object(Illuminate\Http\Request))
#7 C:\xampp1\htdocs\zohoCRM\zohoCRM\vendor\laravel\framework\src\Illuminate\Routing\ControllerDispatcher.php(43): Illuminate\Routing\Controller->callAction('show', Array)
#8 C:\xampp1\htdocs\zohoCRM\zohoCRM\vendor\laravel\framework\src\Illuminate\Routing\Route.php(260): Illuminate\Routing\ControllerDispatcher->dispatch(Object(Illuminate\Routing\Route), Object(App\Http\Controllers\ZohocrmController), 'show')
#9 C:\xampp1\htdocs\zohoCRM\zohoCRM\vendor\laravel\framework\src\Illuminate\Routing\Route.php(205): Illuminate\Routing\Route->runController()
#10 C:\xampp1\htdocs\zohoCRM\zohoCRM\vendor\laravel\framework\src\Illuminate\Routing\Router.php(798): Illuminate\Routing\Route->run()
#11 C:\xampp1\htdocs\zohoCRM\zohoCRM\vendor\laravel\framework\src\Illuminate\Pipeline\Pipeline.php(141): Illuminate\Routing\Router->Illuminate\Routing\{closure}(Object(Illuminate\Http\Request))
#12 C:\xampp1\htdocs\zohoCRM\zohoCRM\vendor\laravel\framework\src\Illuminate\Routing\Middleware\SubstituteBindings.php(50): Illuminate\Pipeline\Pipeline->Illuminate\Pipeline\{closure}(Object(Illuminate\Http\Request))
#13 C:\xampp1\htdocs\zohoCRM\zohoCRM\vendor\laravel\framework\src\Illuminate\Pipeline\Pipeline.php(180): Illuminate\Routing\Middleware\SubstituteBindings->handle(Object(Illuminate\Http\Request), Object(Closure))
#14 C:\xampp1\htdocs\zohoCRM\zohoCRM\vendor\laravel\framework\src\Illuminate\Foundation\Http\Middleware\VerifyCsrfToken.php(78): Illuminate\Pipeline\Pipeline->Illuminate\Pipeline\{closure}(Object(Illuminate\Http\Request))
#15 C:\xampp1\htdocs\zohoCRM\zohoCRM\vendor\laravel\framework\src\Illuminate\Pipeline\Pipeline.php(180): Illuminate\Foundation\Http\Middleware\VerifyCsrfToken->handle(Object(Illuminate\Http\Request), Object(Closure))
#16 C:\xampp1\htdocs\zohoCRM\zohoCRM\vendor\laravel\framework\src\Illuminate\View\Middleware\ShareErrorsFromSession.php(49): Illuminate\Pipeline\Pipeline->Illuminate\Pipeline\{closure}(Object(Illuminate\Http\Request))
#17 C:\xampp1\htdocs\zohoCRM\zohoCRM\vendor\laravel\framework\src\Illuminate\Pipeline\Pipeline.php(180): Illuminate\View\Middleware\ShareErrorsFromSession->handle(Object(Illuminate\Http\Request), Object(Closure))
#18 C:\xampp1\htdocs\zohoCRM\zohoCRM\vendor\laravel\framework\src\Illuminate\Session\Middleware\StartSession.php(121): Illuminate\Pipeline\Pipeline->Illuminate\Pipeline\{closure}(Object(Illuminate\Http\Request))
#19 C:\xampp1\htdocs\zohoCRM\zohoCRM\vendor\laravel\framework\src\Illuminate\Session\Middleware\StartSession.php(64): Illuminate\Session\Middleware\StartSession->handleStatefulRequest(Object(Illuminate\Http\Request), Object(Illuminate\Session\Store), Object(Closure))
#20 C:\xampp1\htdocs\zohoCRM\zohoCRM\vendor\laravel\framework\src\Illuminate\Pipeline\Pipeline.php(180): Illuminate\Session\Middleware\StartSession->handle(Object(Illuminate\Http\Request), Object(Closure))
#21 C:\xampp1\htdocs\zohoCRM\zohoCRM\vendor\laravel\framework\src\Illuminate\Cookie\Middleware\AddQueuedCookiesToResponse.php(37): Illuminate\Pipeline\Pipeline->Illuminate\Pipeline\{closure}(Object(Illuminate\Http\Request))
#22 C:\xampp1\htdocs\zohoCRM\zohoCRM\vendor\laravel\framework\src\Illuminate\Pipeline\Pipeline.php(180): Illuminate\Cookie\Middleware\AddQueuedCookiesToResponse->handle(Object(Illuminate\Http\Request), Object(Closure))
#23 C:\xampp1\htdocs\zohoCRM\zohoCRM\vendor\laravel\framework\src\Illuminate\Cookie\Middleware\EncryptCookies.php(67): Illuminate\Pipeline\Pipeline->Illuminate\Pipeline\{closure}(Object(Illuminate\Http\Request))
#24 C:\xampp1\htdocs\zohoCRM\zohoCRM\vendor\laravel\framework\src\Illuminate\Pipeline\Pipeline.php(180): Illuminate\Cookie\Middleware\EncryptCookies->handle(Object(Illuminate\Http\Request), Object(Closure))
#25 C:\xampp1\htdocs\zohoCRM\zohoCRM\vendor\laravel\framework\src\Illuminate\Pipeline\Pipeline.php(116): Illuminate\Pipeline\Pipeline->Illuminate\Pipeline\{closure}(Object(Illuminate\Http\Request))
#26 C:\xampp1\htdocs\zohoCRM\zohoCRM\vendor\laravel\framework\src\Illuminate\Routing\Router.php(799): Illuminate\Pipeline\Pipeline->then(Object(Closure))
#27 C:\xampp1\htdocs\zohoCRM\zohoCRM\vendor\laravel\framework\src\Illuminate\Routing\Router.php(776): Illuminate\Routing\Router->runRouteWithinStack(Object(Illuminate\Routing\Route), Object(Illuminate\Http\Request))
#28 C:\xampp1\htdocs\zohoCRM\zohoCRM\vendor\laravel\framework\src\Illuminate\Routing\Router.php(740): Illuminate\Routing\Router->runRoute(Object(Illuminate\Http\Request), Object(Illuminate\Routing\Route))
#29 C:\xampp1\htdocs\zohoCRM\zohoCRM\vendor\laravel\framework\src\Illuminate\Routing\Router.php(729): Illuminate\Routing\Router->dispatchToRoute(Object(Illuminate\Http\Request))
#30 C:\xampp1\htdocs\zohoCRM\zohoCRM\vendor\laravel\framework\src\Illuminate\Foundation\Http\Kernel.php(200): Illuminate\Routing\Router->dispatch(Object(Illuminate\Http\Request))
#31 C:\xampp1\htdocs\zohoCRM\zohoCRM\vendor\laravel\framework\src\Illuminate\Pipeline\Pipeline.php(141): Illuminate\Foundation\Http\Kernel->Illuminate\Foundation\Http\{closure}(Object(Illuminate\Http\Request))
#32 C:\xampp1\htdocs\zohoCRM\zohoCRM\vendor\laravel\framework\src\Illuminate\Foundation\Http\Middleware\TransformsRequest.php(21): Illuminate\Pipeline\Pipeline->Illuminate\Pipeline\{closure}(Object(Illuminate\Http\Request))
#33 C:\xampp1\htdocs\zohoCRM\zohoCRM\vendor\laravel\framework\src\Illuminate\Foundation\Http\Middleware\ConvertEmptyStringsToNull.php(31): Illuminate\Foundation\Http\Middleware\TransformsRequest->handle(Object(Illuminate\Http\Request), Object(Closure))
#34 C:\xampp1\htdocs\zohoCRM\zohoCRM\vendor\laravel\framework\src\Illuminate\Pipeline\Pipeline.php(180): Illuminate\Foundation\Http\Middleware\ConvertEmptyStringsToNull->handle(Object(Illuminate\Http\Request), Object(Closure))
#35 C:\xampp1\htdocs\zohoCRM\zohoCRM\vendor\laravel\framework\src\Illuminate\Foundation\Http\Middleware\TransformsRequest.php(21): Illuminate\Pipeline\Pipeline->Illuminate\Pipeline\{closure}(Object(Illuminate\Http\Request))
#36 C:\xampp1\htdocs\zohoCRM\zohoCRM\vendor\laravel\framework\src\Illuminate\Foundation\Http\Middleware\TrimStrings.php(40): Illuminate\Foundation\Http\Middleware\TransformsRequest->handle(Object(Illuminate\Http\Request), Object(Closure))
#37 C:\xampp1\htdocs\zohoCRM\zohoCRM\vendor\laravel\framework\src\Illuminate\Pipeline\Pipeline.php(180): Illuminate\Foundation\Http\Middleware\TrimStrings->handle(Object(Illuminate\Http\Request), Object(Closure))
#38 C:\xampp1\htdocs\zohoCRM\zohoCRM\vendor\laravel\framework\src\Illuminate\Foundation\Http\Middleware\ValidatePostSize.php(27): Illuminate\Pipeline\Pipeline->Illuminate\Pipeline\{closure}(Object(Illuminate\Http\Request))
#39 C:\xampp1\htdocs\zohoCRM\zohoCRM\vendor\laravel\framework\src\Illuminate\Pipeline\Pipeline.php(180): Illuminate\Foundation\Http\Middleware\ValidatePostSize->handle(Object(Illuminate\Http\Request), Object(Closure))
#40 C:\xampp1\htdocs\zohoCRM\zohoCRM\vendor\laravel\framework\src\Illuminate\Foundation\Http\Middleware\PreventRequestsDuringMaintenance.php(86): Illuminate\Pipeline\Pipeline->Illuminate\Pipeline\{closure}(Object(Illuminate\Http\Request))
#41 C:\xampp1\htdocs\zohoCRM\zohoCRM\vendor\laravel\framework\src\Illuminate\Pipeline\Pipeline.php(180): Illuminate\Foundation\Http\Middleware\PreventRequestsDuringMaintenance->handle(Object(Illuminate\Http\Request), Object(Closure))
#42 C:\xampp1\htdocs\zohoCRM\zohoCRM\vendor\laravel\framework\src\Illuminate\Http\Middleware\HandleCors.php(49): Illuminate\Pipeline\Pipeline->Illuminate\Pipeline\{closure}(Object(Illuminate\Http\Request))
#43 C:\xampp1\htdocs\zohoCRM\zohoCRM\vendor\laravel\framework\src\Illuminate\Pipeline\Pipeline.php(180): Illuminate\Http\Middleware\HandleCors->handle(Object(Illuminate\Http\Request), Object(Closure))
#44 C:\xampp1\htdocs\zohoCRM\zohoCRM\vendor\laravel\framework\src\Illuminate\Http\Middleware\TrustProxies.php(39): Illuminate\Pipeline\Pipeline->Illuminate\Pipeline\{closure}(Object(Illuminate\Http\Request))
#45 C:\xampp1\htdocs\zohoCRM\zohoCRM\vendor\laravel\framework\src\Illuminate\Pipeline\Pipeline.php(180): Illuminate\Http\Middleware\TrustProxies->handle(Object(Illuminate\Http\Request), Object(Closure))
#46 C:\xampp1\htdocs\zohoCRM\zohoCRM\vendor\laravel\framework\src\Illuminate\Pipeline\Pipeline.php(116): Illuminate\Pipeline\Pipeline->Illuminate\Pipeline\{closure}(Object(Illuminate\Http\Request))
#47 C:\xampp1\htdocs\zohoCRM\zohoCRM\vendor\laravel\framework\src\Illuminate\Foundation\Http\Kernel.php(175): Illuminate\Pipeline\Pipeline->then(Object(Closure))
#48 C:\xampp1\htdocs\zohoCRM\zohoCRM\vendor\laravel\framework\src\Illuminate\Foundation\Http\Kernel.php(144): Illuminate\Foundation\Http\Kernel->sendRequestThroughRouter(Object(Illuminate\Http\Request))
#49 C:\xampp1\htdocs\zohoCRM\zohoCRM\public\index.php(52): Illuminate\Foundation\Http\Kernel->handle(Object(Illuminate\Http\Request))
#50 C:\xampp1\htdocs\zohoCRM\zohoCRM\vendor\laravel\framework\src\Illuminate\Foundation\resources\server.php(16): require_once('C:\\xampp1\\htdoc...')
#51 {main}
2023-02-18 03:54:35 com\zoho\api\logger\SDKLogger INFO Initialization successful for Email Id : daniel.artemiev@outlook.com in Environment : https://www.zohoapis.eu.
2023-02-18 03:54:35 com\zoho\api\logger\SDKLogger INFO GET - URL = https://www.zohoapis.eu/crm/v2/settings/fields?module=Leads , headers = {"Authorization":" ## can't disclose ## ","X-ZOHO-SDK":"Windows NT\/10.0\/php-2.0\/8.1.6:4.0.0"} , PARAMS = {"module":"Leads"}.
2023-02-18 03:54:35 com\zoho\api\logger\SDKLogger SEVERE Exception :  com\zoho\crm\api\exception\SDKException Caused by : API_EXCEPTION - {"code":"AUTHENTICATION_FAILURE","status":"error","message":"Authentication failed"}
C:\xampp1\htdocs\zohoCRM\zohoCRM\vendor\zohocrm\php-sdk-2.0\src\com\zoho\crm\api\util\Utility.php- 649- 
#0 C:\xampp1\htdocs\zohoCRM\zohoCRM\vendor\zohocrm\php-sdk-2.0\src\com\zoho\crm\api\util\Utility.php(97): com\zoho\crm\api\util\Utility::getFieldDetails('Leads')
#1 C:\xampp1\htdocs\zohoCRM\zohoCRM\vendor\zohocrm\php-sdk-2.0\src\com\zoho\crm\api\util\Utility.php(211): com\zoho\crm\api\util\Utility::fileExistsFlow('Leads', 'C:\\xampp1\\htdoc...', NULL)
#2 C:\xampp1\htdocs\zohoCRM\zohoCRM\vendor\zohocrm\php-sdk-2.0\src\com\zoho\crm\api\util\Utility.php(171): com\zoho\crm\api\util\Utility::getFieldsInfo('Leads', Object(com\zoho\crm\api\util\CommonAPIHandler))
#3 C:\xampp1\htdocs\zohoCRM\zohoCRM\vendor\zohocrm\php-sdk-2.0\src\com\zoho\crm\api\record\RecordOperations.php(117): com\zoho\crm\api\util\Utility::getFields('Leads', Object(com\zoho\crm\api\util\CommonAPIHandler))
#4 C:\xampp1\htdocs\zohoCRM\zohoCRM\app\ZohoInitializer.php(152): com\zoho\crm\api\record\RecordOperations->getRecords('Leads', Object(com\zoho\crm\api\ParameterMap), Object(com\zoho\crm\api\HeaderMap))
#5 C:\xampp1\htdocs\zohoCRM\zohoCRM\app\Http\Controllers\ZohocrmController.php(23): App\ZohoInitializer->initialize()
#6 C:\xampp1\htdocs\zohoCRM\zohoCRM\vendor\laravel\framework\src\Illuminate\Routing\Controller.php(54): App\Http\Controllers\ZohocrmController->show(Object(Illuminate\Http\Request))
#7 C:\xampp1\htdocs\zohoCRM\zohoCRM\vendor\laravel\framework\src\Illuminate\Routing\ControllerDispatcher.php(43): Illuminate\Routing\Controller->callAction('show', Array)
#8 C:\xampp1\htdocs\zohoCRM\zohoCRM\vendor\laravel\framework\src\Illuminate\Routing\Route.php(260): Illuminate\Routing\ControllerDispatcher->dispatch(Object(Illuminate\Routing\Route), Object(App\Http\Controllers\ZohocrmController), 'show')
#9 C:\xampp1\htdocs\zohoCRM\zohoCRM\vendor\laravel\framework\src\Illuminate\Routing\Route.php(205): Illuminate\Routing\Route->runController()
#10 C:\xampp1\htdocs\zohoCRM\zohoCRM\vendor\laravel\framework\src\Illuminate\Routing\Router.php(798): Illuminate\Routing\Route->run()
#11 C:\xampp1\htdocs\zohoCRM\zohoCRM\vendor\laravel\framework\src\Illuminate\Pipeline\Pipeline.php(141): Illuminate\Routing\Router->Illuminate\Routing\{closure}(Object(Illuminate\Http\Request))
#12 C:\xampp1\htdocs\zohoCRM\zohoCRM\vendor\laravel\framework\src\Illuminate\Routing\Middleware\SubstituteBindings.php(50): Illuminate\Pipeline\Pipeline->Illuminate\Pipeline\{closure}(Object(Illuminate\Http\Request))
#13 C:\xampp1\htdocs\zohoCRM\zohoCRM\vendor\laravel\framework\src\Illuminate\Pipeline\Pipeline.php(180): Illuminate\Routing\Middleware\SubstituteBindings->handle(Object(Illuminate\Http\Request), Object(Closure))
#14 C:\xampp1\htdocs\zohoCRM\zohoCRM\vendor\laravel\framework\src\Illuminate\Foundation\Http\Middleware\VerifyCsrfToken.php(78): Illuminate\Pipeline\Pipeline->Illuminate\Pipeline\{closure}(Object(Illuminate\Http\Request))
#15 C:\xampp1\htdocs\zohoCRM\zohoCRM\vendor\laravel\framework\src\Illuminate\Pipeline\Pipeline.php(180): Illuminate\Foundation\Http\Middleware\VerifyCsrfToken->handle(Object(Illuminate\Http\Request), Object(Closure))
#16 C:\xampp1\htdocs\zohoCRM\zohoCRM\vendor\laravel\framework\src\Illuminate\View\Middleware\ShareErrorsFromSession.php(49): Illuminate\Pipeline\Pipeline->Illuminate\Pipeline\{closure}(Object(Illuminate\Http\Request))
#17 C:\xampp1\htdocs\zohoCRM\zohoCRM\vendor\laravel\framework\src\Illuminate\Pipeline\Pipeline.php(180): Illuminate\View\Middleware\ShareErrorsFromSession->handle(Object(Illuminate\Http\Request), Object(Closure))
#18 C:\xampp1\htdocs\zohoCRM\zohoCRM\vendor\laravel\framework\src\Illuminate\Session\Middleware\StartSession.php(121): Illuminate\Pipeline\Pipeline->Illuminate\Pipeline\{closure}(Object(Illuminate\Http\Request))
#19 C:\xampp1\htdocs\zohoCRM\zohoCRM\vendor\laravel\framework\src\Illuminate\Session\Middleware\StartSession.php(64): Illuminate\Session\Middleware\StartSession->handleStatefulRequest(Object(Illuminate\Http\Request), Object(Illuminate\Session\Store), Object(Closure))
#20 C:\xampp1\htdocs\zohoCRM\zohoCRM\vendor\laravel\framework\src\Illuminate\Pipeline\Pipeline.php(180): Illuminate\Session\Middleware\StartSession->handle(Object(Illuminate\Http\Request), Object(Closure))
#21 C:\xampp1\htdocs\zohoCRM\zohoCRM\vendor\laravel\framework\src\Illuminate\Cookie\Middleware\AddQueuedCookiesToResponse.php(37): Illuminate\Pipeline\Pipeline->Illuminate\Pipeline\{closure}(Object(Illuminate\Http\Request))
#22 C:\xampp1\htdocs\zohoCRM\zohoCRM\vendor\laravel\framework\src\Illuminate\Pipeline\Pipeline.php(180): Illuminate\Cookie\Middleware\AddQueuedCookiesToResponse->handle(Object(Illuminate\Http\Request), Object(Closure))
#23 C:\xampp1\htdocs\zohoCRM\zohoCRM\vendor\laravel\framework\src\Illuminate\Cookie\Middleware\EncryptCookies.php(67): Illuminate\Pipeline\Pipeline->Illuminate\Pipeline\{closure}(Object(Illuminate\Http\Request))
#24 C:\xampp1\htdocs\zohoCRM\zohoCRM\vendor\laravel\framework\src\Illuminate\Pipeline\Pipeline.php(180): Illuminate\Cookie\Middleware\EncryptCookies->handle(Object(Illuminate\Http\Request), Object(Closure))
#25 C:\xampp1\htdocs\zohoCRM\zohoCRM\vendor\laravel\framework\src\Illuminate\Pipeline\Pipeline.php(116): Illuminate\Pipeline\Pipeline->Illuminate\Pipeline\{closure}(Object(Illuminate\Http\Request))
#26 C:\xampp1\htdocs\zohoCRM\zohoCRM\vendor\laravel\framework\src\Illuminate\Routing\Router.php(799): Illuminate\Pipeline\Pipeline->then(Object(Closure))
#27 C:\xampp1\htdocs\zohoCRM\zohoCRM\vendor\laravel\framework\src\Illuminate\Routing\Router.php(776): Illuminate\Routing\Router->runRouteWithinStack(Object(Illuminate\Routing\Route), Object(Illuminate\Http\Request))
#28 C:\xampp1\htdocs\zohoCRM\zohoCRM\vendor\laravel\framework\src\Illuminate\Routing\Router.php(740): Illuminate\Routing\Router->runRoute(Object(Illuminate\Http\Request), Object(Illuminate\Routing\Route))
#29 C:\xampp1\htdocs\zohoCRM\zohoCRM\vendor\laravel\framework\src\Illuminate\Routing\Router.php(729): Illuminate\Routing\Router->dispatchToRoute(Object(Illuminate\Http\Request))
#30 C:\xampp1\htdocs\zohoCRM\zohoCRM\vendor\laravel\framework\src\Illuminate\Foundation\Http\Kernel.php(200): Illuminate\Routing\Router->dispatch(Object(Illuminate\Http\Request))
#31 C:\xampp1\htdocs\zohoCRM\zohoCRM\vendor\laravel\framework\src\Illuminate\Pipeline\Pipeline.php(141): Illuminate\Foundation\Http\Kernel->Illuminate\Foundation\Http\{closure}(Object(Illuminate\Http\Request))
#32 C:\xampp1\htdocs\zohoCRM\zohoCRM\vendor\laravel\framework\src\Illuminate\Foundation\Http\Middleware\TransformsRequest.php(21): Illuminate\Pipeline\Pipeline->Illuminate\Pipeline\{closure}(Object(Illuminate\Http\Request))
#33 C:\xampp1\htdocs\zohoCRM\zohoCRM\vendor\laravel\framework\src\Illuminate\Foundation\Http\Middleware\ConvertEmptyStringsToNull.php(31): Illuminate\Foundation\Http\Middleware\TransformsRequest->handle(Object(Illuminate\Http\Request), Object(Closure))
#34 C:\xampp1\htdocs\zohoCRM\zohoCRM\vendor\laravel\framework\src\Illuminate\Pipeline\Pipeline.php(180): Illuminate\Foundation\Http\Middleware\ConvertEmptyStringsToNull->handle(Object(Illuminate\Http\Request), Object(Closure))
#35 C:\xampp1\htdocs\zohoCRM\zohoCRM\vendor\laravel\framework\src\Illuminate\Foundation\Http\Middleware\TransformsRequest.php(21): Illuminate\Pipeline\Pipeline->Illuminate\Pipeline\{closure}(Object(Illuminate\Http\Request))
#36 C:\xampp1\htdocs\zohoCRM\zohoCRM\vendor\laravel\framework\src\Illuminate\Foundation\Http\Middleware\TrimStrings.php(40): Illuminate\Foundation\Http\Middleware\TransformsRequest->handle(Object(Illuminate\Http\Request), Object(Closure))
#37 C:\xampp1\htdocs\zohoCRM\zohoCRM\vendor\laravel\framework\src\Illuminate\Pipeline\Pipeline.php(180): Illuminate\Foundation\Http\Middleware\TrimStrings->handle(Object(Illuminate\Http\Request), Object(Closure))
#38 C:\xampp1\htdocs\zohoCRM\zohoCRM\vendor\laravel\framework\src\Illuminate\Foundation\Http\Middleware\ValidatePostSize.php(27): Illuminate\Pipeline\Pipeline->Illuminate\Pipeline\{closure}(Object(Illuminate\Http\Request))
#39 C:\xampp1\htdocs\zohoCRM\zohoCRM\vendor\laravel\framework\src\Illuminate\Pipeline\Pipeline.php(180): Illuminate\Foundation\Http\Middleware\ValidatePostSize->handle(Object(Illuminate\Http\Request), Object(Closure))
#40 C:\xampp1\htdocs\zohoCRM\zohoCRM\vendor\laravel\framework\src\Illuminate\Foundation\Http\Middleware\PreventRequestsDuringMaintenance.php(86): Illuminate\Pipeline\Pipeline->Illuminate\Pipeline\{closure}(Object(Illuminate\Http\Request))
#41 C:\xampp1\htdocs\zohoCRM\zohoCRM\vendor\laravel\framework\src\Illuminate\Pipeline\Pipeline.php(180): Illuminate\Foundation\Http\Middleware\PreventRequestsDuringMaintenance->handle(Object(Illuminate\Http\Request), Object(Closure))
#42 C:\xampp1\htdocs\zohoCRM\zohoCRM\vendor\laravel\framework\src\Illuminate\Http\Middleware\HandleCors.php(49): Illuminate\Pipeline\Pipeline->Illuminate\Pipeline\{closure}(Object(Illuminate\Http\Request))
#43 C:\xampp1\htdocs\zohoCRM\zohoCRM\vendor\laravel\framework\src\Illuminate\Pipeline\Pipeline.php(180): Illuminate\Http\Middleware\HandleCors->handle(Object(Illuminate\Http\Request), Object(Closure))
#44 C:\xampp1\htdocs\zohoCRM\zohoCRM\vendor\laravel\framework\src\Illuminate\Http\Middleware\TrustProxies.php(39): Illuminate\Pipeline\Pipeline->Illuminate\Pipeline\{closure}(Object(Illuminate\Http\Request))
#45 C:\xampp1\htdocs\zohoCRM\zohoCRM\vendor\laravel\framework\src\Illuminate\Pipeline\Pipeline.php(180): Illuminate\Http\Middleware\TrustProxies->handle(Object(Illuminate\Http\Request), Object(Closure))
#46 C:\xampp1\htdocs\zohoCRM\zohoCRM\vendor\laravel\framework\src\Illuminate\Pipeline\Pipeline.php(116): Illuminate\Pipeline\Pipeline->Illuminate\Pipeline\{closure}(Object(Illuminate\Http\Request))
#47 C:\xampp1\htdocs\zohoCRM\zohoCRM\vendor\laravel\framework\src\Illuminate\Foundation\Http\Kernel.php(175): Illuminate\Pipeline\Pipeline->then(Object(Closure))
#48 C:\xampp1\htdocs\zohoCRM\zohoCRM\vendor\laravel\framework\src\Illuminate\Foundation\Http\Kernel.php(144): Illuminate\Foundation\Http\Kernel->sendRequestThroughRouter(Object(Illuminate\Http\Request))
#49 C:\xampp1\htdocs\zohoCRM\zohoCRM\public\index.php(52): Illuminate\Foundation\Http\Kernel->handle(Object(Illuminate\Http\Request))
#50 C:\xampp1\htdocs\zohoCRM\zohoCRM\vendor\laravel\framework\src\Illuminate\Foundation\resources\server.php(16): require_once('C:\\xampp1\\htdoc...')
#51 {main}
2023-02-18 03:54:55 com\zoho\api\logger\SDKLogger INFO Initialization successful for Email Id : daniel.artemiev@outlook.com in Environment : https://www.zohoapis.eu.
2023-02-18 03:54:55 com\zoho\api\logger\SDKLogger INFO GET - URL = https://www.zohoapis.eu/crm/v2/settings/fields?module=Leads , headers = {"Authorization":" ## can't disclose ## ","X-ZOHO-SDK":"Windows NT\/10.0\/php-2.0\/8.1.6:4.0.0"} , PARAMS = {"module":"Leads"}.
2023-02-18 03:54:55 com\zoho\api\logger\SDKLogger SEVERE Exception :  com\zoho\crm\api\exception\SDKException Caused by : API_EXCEPTION - {"code":"AUTHENTICATION_FAILURE","status":"error","message":"Authentication failed"}
C:\xampp1\htdocs\zohoCRM\zohoCRM\vendor\zohocrm\php-sdk-2.0\src\com\zoho\crm\api\util\Utility.php- 649- 
#0 C:\xampp1\htdocs\zohoCRM\zohoCRM\vendor\zohocrm\php-sdk-2.0\src\com\zoho\crm\api\util\Utility.php(97): com\zoho\crm\api\util\Utility::getFieldDetails('Leads')
#1 C:\xampp1\htdocs\zohoCRM\zohoCRM\vendor\zohocrm\php-sdk-2.0\src\com\zoho\crm\api\util\Utility.php(211): com\zoho\crm\api\util\Utility::fileExistsFlow('Leads', 'C:\\xampp1\\htdoc...', NULL)
#2 C:\xampp1\htdocs\zohoCRM\zohoCRM\vendor\zohocrm\php-sdk-2.0\src\com\zoho\crm\api\util\Utility.php(171): com\zoho\crm\api\util\Utility::getFieldsInfo('Leads', Object(com\zoho\crm\api\util\CommonAPIHandler))
#3 C:\xampp1\htdocs\zohoCRM\zohoCRM\vendor\zohocrm\php-sdk-2.0\src\com\zoho\crm\api\record\RecordOperations.php(117): com\zoho\crm\api\util\Utility::getFields('Leads', Object(com\zoho\crm\api\util\CommonAPIHandler))
#4 C:\xampp1\htdocs\zohoCRM\zohoCRM\app\ZohoInitializer.php(152): com\zoho\crm\api\record\RecordOperations->getRecords('Leads', Object(com\zoho\crm\api\ParameterMap), Object(com\zoho\crm\api\HeaderMap))
#5 C:\xampp1\htdocs\zohoCRM\zohoCRM\app\Http\Controllers\ZohocrmController.php(23): App\ZohoInitializer->initialize()
#6 C:\xampp1\htdocs\zohoCRM\zohoCRM\vendor\laravel\framework\src\Illuminate\Routing\Controller.php(54): App\Http\Controllers\ZohocrmController->show(Object(Illuminate\Http\Request))
#7 C:\xampp1\htdocs\zohoCRM\zohoCRM\vendor\laravel\framework\src\Illuminate\Routing\ControllerDispatcher.php(43): Illuminate\Routing\Controller->callAction('show', Array)
#8 C:\xampp1\htdocs\zohoCRM\zohoCRM\vendor\laravel\framework\src\Illuminate\Routing\Route.php(260): Illuminate\Routing\ControllerDispatcher->dispatch(Object(Illuminate\Routing\Route), Object(App\Http\Controllers\ZohocrmController), 'show')
#9 C:\xampp1\htdocs\zohoCRM\zohoCRM\vendor\laravel\framework\src\Illuminate\Routing\Route.php(205): Illuminate\Routing\Route->runController()
#10 C:\xampp1\htdocs\zohoCRM\zohoCRM\vendor\laravel\framework\src\Illuminate\Routing\Router.php(798): Illuminate\Routing\Route->run()
#11 C:\xampp1\htdocs\zohoCRM\zohoCRM\vendor\laravel\framework\src\Illuminate\Pipeline\Pipeline.php(141): Illuminate\Routing\Router->Illuminate\Routing\{closure}(Object(Illuminate\Http\Request))
#12 C:\xampp1\htdocs\zohoCRM\zohoCRM\vendor\laravel\framework\src\Illuminate\Routing\Middleware\SubstituteBindings.php(50): Illuminate\Pipeline\Pipeline->Illuminate\Pipeline\{closure}(Object(Illuminate\Http\Request))
#13 C:\xampp1\htdocs\zohoCRM\zohoCRM\vendor\laravel\framework\src\Illuminate\Pipeline\Pipeline.php(180): Illuminate\Routing\Middleware\SubstituteBindings->handle(Object(Illuminate\Http\Request), Object(Closure))
#14 C:\xampp1\htdocs\zohoCRM\zohoCRM\vendor\laravel\framework\src\Illuminate\Foundation\Http\Middleware\VerifyCsrfToken.php(78): Illuminate\Pipeline\Pipeline->Illuminate\Pipeline\{closure}(Object(Illuminate\Http\Request))
#15 C:\xampp1\htdocs\zohoCRM\zohoCRM\vendor\laravel\framework\src\Illuminate\Pipeline\Pipeline.php(180): Illuminate\Foundation\Http\Middleware\VerifyCsrfToken->handle(Object(Illuminate\Http\Request), Object(Closure))
#16 C:\xampp1\htdocs\zohoCRM\zohoCRM\vendor\laravel\framework\src\Illuminate\View\Middleware\ShareErrorsFromSession.php(49): Illuminate\Pipeline\Pipeline->Illuminate\Pipeline\{closure}(Object(Illuminate\Http\Request))
#17 C:\xampp1\htdocs\zohoCRM\zohoCRM\vendor\laravel\framework\src\Illuminate\Pipeline\Pipeline.php(180): Illuminate\View\Middleware\ShareErrorsFromSession->handle(Object(Illuminate\Http\Request), Object(Closure))
#18 C:\xampp1\htdocs\zohoCRM\zohoCRM\vendor\laravel\framework\src\Illuminate\Session\Middleware\StartSession.php(121): Illuminate\Pipeline\Pipeline->Illuminate\Pipeline\{closure}(Object(Illuminate\Http\Request))
#19 C:\xampp1\htdocs\zohoCRM\zohoCRM\vendor\laravel\framework\src\Illuminate\Session\Middleware\StartSession.php(64): Illuminate\Session\Middleware\StartSession->handleStatefulRequest(Object(Illuminate\Http\Request), Object(Illuminate\Session\Store), Object(Closure))
#20 C:\xampp1\htdocs\zohoCRM\zohoCRM\vendor\laravel\framework\src\Illuminate\Pipeline\Pipeline.php(180): Illuminate\Session\Middleware\StartSession->handle(Object(Illuminate\Http\Request), Object(Closure))
#21 C:\xampp1\htdocs\zohoCRM\zohoCRM\vendor\laravel\framework\src\Illuminate\Cookie\Middleware\AddQueuedCookiesToResponse.php(37): Illuminate\Pipeline\Pipeline->Illuminate\Pipeline\{closure}(Object(Illuminate\Http\Request))
#22 C:\xampp1\htdocs\zohoCRM\zohoCRM\vendor\laravel\framework\src\Illuminate\Pipeline\Pipeline.php(180): Illuminate\Cookie\Middleware\AddQueuedCookiesToResponse->handle(Object(Illuminate\Http\Request), Object(Closure))
#23 C:\xampp1\htdocs\zohoCRM\zohoCRM\vendor\laravel\framework\src\Illuminate\Cookie\Middleware\EncryptCookies.php(67): Illuminate\Pipeline\Pipeline->Illuminate\Pipeline\{closure}(Object(Illuminate\Http\Request))
#24 C:\xampp1\htdocs\zohoCRM\zohoCRM\vendor\laravel\framework\src\Illuminate\Pipeline\Pipeline.php(180): Illuminate\Cookie\Middleware\EncryptCookies->handle(Object(Illuminate\Http\Request), Object(Closure))
#25 C:\xampp1\htdocs\zohoCRM\zohoCRM\vendor\laravel\framework\src\Illuminate\Pipeline\Pipeline.php(116): Illuminate\Pipeline\Pipeline->Illuminate\Pipeline\{closure}(Object(Illuminate\Http\Request))
#26 C:\xampp1\htdocs\zohoCRM\zohoCRM\vendor\laravel\framework\src\Illuminate\Routing\Router.php(799): Illuminate\Pipeline\Pipeline->then(Object(Closure))
#27 C:\xampp1\htdocs\zohoCRM\zohoCRM\vendor\laravel\framework\src\Illuminate\Routing\Router.php(776): Illuminate\Routing\Router->runRouteWithinStack(Object(Illuminate\Routing\Route), Object(Illuminate\Http\Request))
#28 C:\xampp1\htdocs\zohoCRM\zohoCRM\vendor\laravel\framework\src\Illuminate\Routing\Router.php(740): Illuminate\Routing\Router->runRoute(Object(Illuminate\Http\Request), Object(Illuminate\Routing\Route))
#29 C:\xampp1\htdocs\zohoCRM\zohoCRM\vendor\laravel\framework\src\Illuminate\Routing\Router.php(729): Illuminate\Routing\Router->dispatchToRoute(Object(Illuminate\Http\Request))
#30 C:\xampp1\htdocs\zohoCRM\zohoCRM\vendor\laravel\framework\src\Illuminate\Foundation\Http\Kernel.php(200): Illuminate\Routing\Router->dispatch(Object(Illuminate\Http\Request))
#31 C:\xampp1\htdocs\zohoCRM\zohoCRM\vendor\laravel\framework\src\Illuminate\Pipeline\Pipeline.php(141): Illuminate\Foundation\Http\Kernel->Illuminate\Foundation\Http\{closure}(Object(Illuminate\Http\Request))
#32 C:\xampp1\htdocs\zohoCRM\zohoCRM\vendor\laravel\framework\src\Illuminate\Foundation\Http\Middleware\TransformsRequest.php(21): Illuminate\Pipeline\Pipeline->Illuminate\Pipeline\{closure}(Object(Illuminate\Http\Request))
#33 C:\xampp1\htdocs\zohoCRM\zohoCRM\vendor\laravel\framework\src\Illuminate\Foundation\Http\Middleware\ConvertEmptyStringsToNull.php(31): Illuminate\Foundation\Http\Middleware\TransformsRequest->handle(Object(Illuminate\Http\Request), Object(Closure))
#34 C:\xampp1\htdocs\zohoCRM\zohoCRM\vendor\laravel\framework\src\Illuminate\Pipeline\Pipeline.php(180): Illuminate\Foundation\Http\Middleware\ConvertEmptyStringsToNull->handle(Object(Illuminate\Http\Request), Object(Closure))
#35 C:\xampp1\htdocs\zohoCRM\zohoCRM\vendor\laravel\framework\src\Illuminate\Foundation\Http\Middleware\TransformsRequest.php(21): Illuminate\Pipeline\Pipeline->Illuminate\Pipeline\{closure}(Object(Illuminate\Http\Request))
#36 C:\xampp1\htdocs\zohoCRM\zohoCRM\vendor\laravel\framework\src\Illuminate\Foundation\Http\Middleware\TrimStrings.php(40): Illuminate\Foundation\Http\Middleware\TransformsRequest->handle(Object(Illuminate\Http\Request), Object(Closure))
#37 C:\xampp1\htdocs\zohoCRM\zohoCRM\vendor\laravel\framework\src\Illuminate\Pipeline\Pipeline.php(180): Illuminate\Foundation\Http\Middleware\TrimStrings->handle(Object(Illuminate\Http\Request), Object(Closure))
#38 C:\xampp1\htdocs\zohoCRM\zohoCRM\vendor\laravel\framework\src\Illuminate\Foundation\Http\Middleware\ValidatePostSize.php(27): Illuminate\Pipeline\Pipeline->Illuminate\Pipeline\{closure}(Object(Illuminate\Http\Request))
#39 C:\xampp1\htdocs\zohoCRM\zohoCRM\vendor\laravel\framework\src\Illuminate\Pipeline\Pipeline.php(180): Illuminate\Foundation\Http\Middleware\ValidatePostSize->handle(Object(Illuminate\Http\Request), Object(Closure))
#40 C:\xampp1\htdocs\zohoCRM\zohoCRM\vendor\laravel\framework\src\Illuminate\Foundation\Http\Middleware\PreventRequestsDuringMaintenance.php(86): Illuminate\Pipeline\Pipeline->Illuminate\Pipeline\{closure}(Object(Illuminate\Http\Request))
#41 C:\xampp1\htdocs\zohoCRM\zohoCRM\vendor\laravel\framework\src\Illuminate\Pipeline\Pipeline.php(180): Illuminate\Foundation\Http\Middleware\PreventRequestsDuringMaintenance->handle(Object(Illuminate\Http\Request), Object(Closure))
#42 C:\xampp1\htdocs\zohoCRM\zohoCRM\vendor\laravel\framework\src\Illuminate\Http\Middleware\HandleCors.php(49): Illuminate\Pipeline\Pipeline->Illuminate\Pipeline\{closure}(Object(Illuminate\Http\Request))
#43 C:\xampp1\htdocs\zohoCRM\zohoCRM\vendor\laravel\framework\src\Illuminate\Pipeline\Pipeline.php(180): Illuminate\Http\Middleware\HandleCors->handle(Object(Illuminate\Http\Request), Object(Closure))
#44 C:\xampp1\htdocs\zohoCRM\zohoCRM\vendor\laravel\framework\src\Illuminate\Http\Middleware\TrustProxies.php(39): Illuminate\Pipeline\Pipeline->Illuminate\Pipeline\{closure}(Object(Illuminate\Http\Request))
#45 C:\xampp1\htdocs\zohoCRM\zohoCRM\vendor\laravel\framework\src\Illuminate\Pipeline\Pipeline.php(180): Illuminate\Http\Middleware\TrustProxies->handle(Object(Illuminate\Http\Request), Object(Closure))
#46 C:\xampp1\htdocs\zohoCRM\zohoCRM\vendor\laravel\framework\src\Illuminate\Pipeline\Pipeline.php(116): Illuminate\Pipeline\Pipeline->Illuminate\Pipeline\{closure}(Object(Illuminate\Http\Request))
#47 C:\xampp1\htdocs\zohoCRM\zohoCRM\vendor\laravel\framework\src\Illuminate\Foundation\Http\Kernel.php(175): Illuminate\Pipeline\Pipeline->then(Object(Closure))
#48 C:\xampp1\htdocs\zohoCRM\zohoCRM\vendor\laravel\framework\src\Illuminate\Foundation\Http\Kernel.php(144): Illuminate\Foundation\Http\Kernel->sendRequestThroughRouter(Object(Illuminate\Http\Request))
#49 C:\xampp1\htdocs\zohoCRM\zohoCRM\public\index.php(52): Illuminate\Foundation\Http\Kernel->handle(Object(Illuminate\Http\Request))
#50 C:\xampp1\htdocs\zohoCRM\zohoCRM\vendor\laravel\framework\src\Illuminate\Foundation\resources\server.php(16): require_once('C:\\xampp1\\htdoc...')
#51 {main}
2023-02-18 03:55:15 com\zoho\api\logger\SDKLogger INFO Initialization successful for Email Id : daniel.artemiev@outlook.com in Environment : https://www.zohoapis.eu.
2023-02-18 03:55:15 com\zoho\api\logger\SDKLogger INFO GET - URL = https://www.zohoapis.eu/crm/v2/settings/fields?module=Leads , headers = {"Authorization":" ## can't disclose ## ","X-ZOHO-SDK":"Windows NT\/10.0\/php-2.0\/8.1.6:4.0.0"} , PARAMS = {"module":"Leads"}.
2023-02-18 03:55:15 com\zoho\api\logger\SDKLogger SEVERE Exception :  com\zoho\crm\api\exception\SDKException Caused by : API_EXCEPTION - {"code":"AUTHENTICATION_FAILURE","status":"error","message":"Authentication failed"}
C:\xampp1\htdocs\zohoCRM\zohoCRM\vendor\zohocrm\php-sdk-2.0\src\com\zoho\crm\api\util\Utility.php- 649- 
#0 C:\xampp1\htdocs\zohoCRM\zohoCRM\vendor\zohocrm\php-sdk-2.0\src\com\zoho\crm\api\util\Utility.php(97): com\zoho\crm\api\util\Utility::getFieldDetails('Leads')
#1 C:\xampp1\htdocs\zohoCRM\zohoCRM\vendor\zohocrm\php-sdk-2.0\src\com\zoho\crm\api\util\Utility.php(211): com\zoho\crm\api\util\Utility::fileExistsFlow('Leads', 'C:\\xampp1\\htdoc...', NULL)
#2 C:\xampp1\htdocs\zohoCRM\zohoCRM\vendor\zohocrm\php-sdk-2.0\src\com\zoho\crm\api\util\Utility.php(171): com\zoho\crm\api\util\Utility::getFieldsInfo('Leads', Object(com\zoho\crm\api\util\CommonAPIHandler))
#3 C:\xampp1\htdocs\zohoCRM\zohoCRM\vendor\zohocrm\php-sdk-2.0\src\com\zoho\crm\api\record\RecordOperations.php(117): com\zoho\crm\api\util\Utility::getFields('Leads', Object(com\zoho\crm\api\util\CommonAPIHandler))
#4 C:\xampp1\htdocs\zohoCRM\zohoCRM\app\ZohoInitializer.php(152): com\zoho\crm\api\record\RecordOperations->getRecords('Leads', Object(com\zoho\crm\api\ParameterMap), Object(com\zoho\crm\api\HeaderMap))
#5 C:\xampp1\htdocs\zohoCRM\zohoCRM\app\Http\Controllers\ZohocrmController.php(23): App\ZohoInitializer->initialize()
#6 C:\xampp1\htdocs\zohoCRM\zohoCRM\vendor\laravel\framework\src\Illuminate\Routing\Controller.php(54): App\Http\Controllers\ZohocrmController->show(Object(Illuminate\Http\Request))
#7 C:\xampp1\htdocs\zohoCRM\zohoCRM\vendor\laravel\framework\src\Illuminate\Routing\ControllerDispatcher.php(43): Illuminate\Routing\Controller->callAction('show', Array)
#8 C:\xampp1\htdocs\zohoCRM\zohoCRM\vendor\laravel\framework\src\Illuminate\Routing\Route.php(260): Illuminate\Routing\ControllerDispatcher->dispatch(Object(Illuminate\Routing\Route), Object(App\Http\Controllers\ZohocrmController), 'show')
#9 C:\xampp1\htdocs\zohoCRM\zohoCRM\vendor\laravel\framework\src\Illuminate\Routing\Route.php(205): Illuminate\Routing\Route->runController()
#10 C:\xampp1\htdocs\zohoCRM\zohoCRM\vendor\laravel\framework\src\Illuminate\Routing\Router.php(798): Illuminate\Routing\Route->run()
#11 C:\xampp1\htdocs\zohoCRM\zohoCRM\vendor\laravel\framework\src\Illuminate\Pipeline\Pipeline.php(141): Illuminate\Routing\Router->Illuminate\Routing\{closure}(Object(Illuminate\Http\Request))
#12 C:\xampp1\htdocs\zohoCRM\zohoCRM\vendor\laravel\framework\src\Illuminate\Routing\Middleware\SubstituteBindings.php(50): Illuminate\Pipeline\Pipeline->Illuminate\Pipeline\{closure}(Object(Illuminate\Http\Request))
#13 C:\xampp1\htdocs\zohoCRM\zohoCRM\vendor\laravel\framework\src\Illuminate\Pipeline\Pipeline.php(180): Illuminate\Routing\Middleware\SubstituteBindings->handle(Object(Illuminate\Http\Request), Object(Closure))
#14 C:\xampp1\htdocs\zohoCRM\zohoCRM\vendor\laravel\framework\src\Illuminate\Foundation\Http\Middleware\VerifyCsrfToken.php(78): Illuminate\Pipeline\Pipeline->Illuminate\Pipeline\{closure}(Object(Illuminate\Http\Request))
#15 C:\xampp1\htdocs\zohoCRM\zohoCRM\vendor\laravel\framework\src\Illuminate\Pipeline\Pipeline.php(180): Illuminate\Foundation\Http\Middleware\VerifyCsrfToken->handle(Object(Illuminate\Http\Request), Object(Closure))
#16 C:\xampp1\htdocs\zohoCRM\zohoCRM\vendor\laravel\framework\src\Illuminate\View\Middleware\ShareErrorsFromSession.php(49): Illuminate\Pipeline\Pipeline->Illuminate\Pipeline\{closure}(Object(Illuminate\Http\Request))
#17 C:\xampp1\htdocs\zohoCRM\zohoCRM\vendor\laravel\framework\src\Illuminate\Pipeline\Pipeline.php(180): Illuminate\View\Middleware\ShareErrorsFromSession->handle(Object(Illuminate\Http\Request), Object(Closure))
#18 C:\xampp1\htdocs\zohoCRM\zohoCRM\vendor\laravel\framework\src\Illuminate\Session\Middleware\StartSession.php(121): Illuminate\Pipeline\Pipeline->Illuminate\Pipeline\{closure}(Object(Illuminate\Http\Request))
#19 C:\xampp1\htdocs\zohoCRM\zohoCRM\vendor\laravel\framework\src\Illuminate\Session\Middleware\StartSession.php(64): Illuminate\Session\Middleware\StartSession->handleStatefulRequest(Object(Illuminate\Http\Request), Object(Illuminate\Session\Store), Object(Closure))
#20 C:\xampp1\htdocs\zohoCRM\zohoCRM\vendor\laravel\framework\src\Illuminate\Pipeline\Pipeline.php(180): Illuminate\Session\Middleware\StartSession->handle(Object(Illuminate\Http\Request), Object(Closure))
#21 C:\xampp1\htdocs\zohoCRM\zohoCRM\vendor\laravel\framework\src\Illuminate\Cookie\Middleware\AddQueuedCookiesToResponse.php(37): Illuminate\Pipeline\Pipeline->Illuminate\Pipeline\{closure}(Object(Illuminate\Http\Request))
#22 C:\xampp1\htdocs\zohoCRM\zohoCRM\vendor\laravel\framework\src\Illuminate\Pipeline\Pipeline.php(180): Illuminate\Cookie\Middleware\AddQueuedCookiesToResponse->handle(Object(Illuminate\Http\Request), Object(Closure))
#23 C:\xampp1\htdocs\zohoCRM\zohoCRM\vendor\laravel\framework\src\Illuminate\Cookie\Middleware\EncryptCookies.php(67): Illuminate\Pipeline\Pipeline->Illuminate\Pipeline\{closure}(Object(Illuminate\Http\Request))
#24 C:\xampp1\htdocs\zohoCRM\zohoCRM\vendor\laravel\framework\src\Illuminate\Pipeline\Pipeline.php(180): Illuminate\Cookie\Middleware\EncryptCookies->handle(Object(Illuminate\Http\Request), Object(Closure))
#25 C:\xampp1\htdocs\zohoCRM\zohoCRM\vendor\laravel\framework\src\Illuminate\Pipeline\Pipeline.php(116): Illuminate\Pipeline\Pipeline->Illuminate\Pipeline\{closure}(Object(Illuminate\Http\Request))
#26 C:\xampp1\htdocs\zohoCRM\zohoCRM\vendor\laravel\framework\src\Illuminate\Routing\Router.php(799): Illuminate\Pipeline\Pipeline->then(Object(Closure))
#27 C:\xampp1\htdocs\zohoCRM\zohoCRM\vendor\laravel\framework\src\Illuminate\Routing\Router.php(776): Illuminate\Routing\Router->runRouteWithinStack(Object(Illuminate\Routing\Route), Object(Illuminate\Http\Request))
#28 C:\xampp1\htdocs\zohoCRM\zohoCRM\vendor\laravel\framework\src\Illuminate\Routing\Router.php(740): Illuminate\Routing\Router->runRoute(Object(Illuminate\Http\Request), Object(Illuminate\Routing\Route))
#29 C:\xampp1\htdocs\zohoCRM\zohoCRM\vendor\laravel\framework\src\Illuminate\Routing\Router.php(729): Illuminate\Routing\Router->dispatchToRoute(Object(Illuminate\Http\Request))
#30 C:\xampp1\htdocs\zohoCRM\zohoCRM\vendor\laravel\framework\src\Illuminate\Foundation\Http\Kernel.php(200): Illuminate\Routing\Router->dispatch(Object(Illuminate\Http\Request))
#31 C:\xampp1\htdocs\zohoCRM\zohoCRM\vendor\laravel\framework\src\Illuminate\Pipeline\Pipeline.php(141): Illuminate\Foundation\Http\Kernel->Illuminate\Foundation\Http\{closure}(Object(Illuminate\Http\Request))
#32 C:\xampp1\htdocs\zohoCRM\zohoCRM\vendor\laravel\framework\src\Illuminate\Foundation\Http\Middleware\TransformsRequest.php(21): Illuminate\Pipeline\Pipeline->Illuminate\Pipeline\{closure}(Object(Illuminate\Http\Request))
#33 C:\xampp1\htdocs\zohoCRM\zohoCRM\vendor\laravel\framework\src\Illuminate\Foundation\Http\Middleware\ConvertEmptyStringsToNull.php(31): Illuminate\Foundation\Http\Middleware\TransformsRequest->handle(Object(Illuminate\Http\Request), Object(Closure))
#34 C:\xampp1\htdocs\zohoCRM\zohoCRM\vendor\laravel\framework\src\Illuminate\Pipeline\Pipeline.php(180): Illuminate\Foundation\Http\Middleware\ConvertEmptyStringsToNull->handle(Object(Illuminate\Http\Request), Object(Closure))
#35 C:\xampp1\htdocs\zohoCRM\zohoCRM\vendor\laravel\framework\src\Illuminate\Foundation\Http\Middleware\TransformsRequest.php(21): Illuminate\Pipeline\Pipeline->Illuminate\Pipeline\{closure}(Object(Illuminate\Http\Request))
#36 C:\xampp1\htdocs\zohoCRM\zohoCRM\vendor\laravel\framework\src\Illuminate\Foundation\Http\Middleware\TrimStrings.php(40): Illuminate\Foundation\Http\Middleware\TransformsRequest->handle(Object(Illuminate\Http\Request), Object(Closure))
#37 C:\xampp1\htdocs\zohoCRM\zohoCRM\vendor\laravel\framework\src\Illuminate\Pipeline\Pipeline.php(180): Illuminate\Foundation\Http\Middleware\TrimStrings->handle(Object(Illuminate\Http\Request), Object(Closure))
#38 C:\xampp1\htdocs\zohoCRM\zohoCRM\vendor\laravel\framework\src\Illuminate\Foundation\Http\Middleware\ValidatePostSize.php(27): Illuminate\Pipeline\Pipeline->Illuminate\Pipeline\{closure}(Object(Illuminate\Http\Request))
#39 C:\xampp1\htdocs\zohoCRM\zohoCRM\vendor\laravel\framework\src\Illuminate\Pipeline\Pipeline.php(180): Illuminate\Foundation\Http\Middleware\ValidatePostSize->handle(Object(Illuminate\Http\Request), Object(Closure))
#40 C:\xampp1\htdocs\zohoCRM\zohoCRM\vendor\laravel\framework\src\Illuminate\Foundation\Http\Middleware\PreventRequestsDuringMaintenance.php(86): Illuminate\Pipeline\Pipeline->Illuminate\Pipeline\{closure}(Object(Illuminate\Http\Request))
#41 C:\xampp1\htdocs\zohoCRM\zohoCRM\vendor\laravel\framework\src\Illuminate\Pipeline\Pipeline.php(180): Illuminate\Foundation\Http\Middleware\PreventRequestsDuringMaintenance->handle(Object(Illuminate\Http\Request), Object(Closure))
#42 C:\xampp1\htdocs\zohoCRM\zohoCRM\vendor\laravel\framework\src\Illuminate\Http\Middleware\HandleCors.php(49): Illuminate\Pipeline\Pipeline->Illuminate\Pipeline\{closure}(Object(Illuminate\Http\Request))
#43 C:\xampp1\htdocs\zohoCRM\zohoCRM\vendor\laravel\framework\src\Illuminate\Pipeline\Pipeline.php(180): Illuminate\Http\Middleware\HandleCors->handle(Object(Illuminate\Http\Request), Object(Closure))
#44 C:\xampp1\htdocs\zohoCRM\zohoCRM\vendor\laravel\framework\src\Illuminate\Http\Middleware\TrustProxies.php(39): Illuminate\Pipeline\Pipeline->Illuminate\Pipeline\{closure}(Object(Illuminate\Http\Request))
#45 C:\xampp1\htdocs\zohoCRM\zohoCRM\vendor\laravel\framework\src\Illuminate\Pipeline\Pipeline.php(180): Illuminate\Http\Middleware\TrustProxies->handle(Object(Illuminate\Http\Request), Object(Closure))
#46 C:\xampp1\htdocs\zohoCRM\zohoCRM\vendor\laravel\framework\src\Illuminate\Pipeline\Pipeline.php(116): Illuminate\Pipeline\Pipeline->Illuminate\Pipeline\{closure}(Object(Illuminate\Http\Request))
#47 C:\xampp1\htdocs\zohoCRM\zohoCRM\vendor\laravel\framework\src\Illuminate\Foundation\Http\Kernel.php(175): Illuminate\Pipeline\Pipeline->then(Object(Closure))
#48 C:\xampp1\htdocs\zohoCRM\zohoCRM\vendor\laravel\framework\src\Illuminate\Foundation\Http\Kernel.php(144): Illuminate\Foundation\Http\Kernel->sendRequestThroughRouter(Object(Illuminate\Http\Request))
#49 C:\xampp1\htdocs\zohoCRM\zohoCRM\public\index.php(52): Illuminate\Foundation\Http\Kernel->handle(Object(Illuminate\Http\Request))
#50 C:\xampp1\htdocs\zohoCRM\zohoCRM\vendor\laravel\framework\src\Illuminate\Foundation\resources\server.php(16): require_once('C:\\xampp1\\htdoc...')
#51 {main}
2023-02-18 03:55:35 com\zoho\api\logger\SDKLogger INFO Initialization successful for Email Id : daniel.artemiev@outlook.com in Environment : https://www.zohoapis.eu.
2023-02-18 03:55:35 com\zoho\api\logger\SDKLogger INFO GET - URL = https://www.zohoapis.eu/crm/v2/settings/fields?module=Leads , headers = {"Authorization":" ## can't disclose ## ","X-ZOHO-SDK":"Windows NT\/10.0\/php-2.0\/8.1.6:4.0.0"} , PARAMS = {"module":"Leads"}.
2023-02-18 03:55:35 com\zoho\api\logger\SDKLogger SEVERE Exception :  com\zoho\crm\api\exception\SDKException Caused by : API_EXCEPTION - {"code":"AUTHENTICATION_FAILURE","status":"error","message":"Authentication failed"}
C:\xampp1\htdocs\zohoCRM\zohoCRM\vendor\zohocrm\php-sdk-2.0\src\com\zoho\crm\api\util\Utility.php- 649- 
#0 C:\xampp1\htdocs\zohoCRM\zohoCRM\vendor\zohocrm\php-sdk-2.0\src\com\zoho\crm\api\util\Utility.php(97): com\zoho\crm\api\util\Utility::getFieldDetails('Leads')
#1 C:\xampp1\htdocs\zohoCRM\zohoCRM\vendor\zohocrm\php-sdk-2.0\src\com\zoho\crm\api\util\Utility.php(211): com\zoho\crm\api\util\Utility::fileExistsFlow('Leads', 'C:\\xampp1\\htdoc...', NULL)
#2 C:\xampp1\htdocs\zohoCRM\zohoCRM\vendor\zohocrm\php-sdk-2.0\src\com\zoho\crm\api\util\Utility.php(171): com\zoho\crm\api\util\Utility::getFieldsInfo('Leads', Object(com\zoho\crm\api\util\CommonAPIHandler))
#3 C:\xampp1\htdocs\zohoCRM\zohoCRM\vendor\zohocrm\php-sdk-2.0\src\com\zoho\crm\api\record\RecordOperations.php(117): com\zoho\crm\api\util\Utility::getFields('Leads', Object(com\zoho\crm\api\util\CommonAPIHandler))
#4 C:\xampp1\htdocs\zohoCRM\zohoCRM\app\ZohoInitializer.php(152): com\zoho\crm\api\record\RecordOperations->getRecords('Leads', Object(com\zoho\crm\api\ParameterMap), Object(com\zoho\crm\api\HeaderMap))
#5 C:\xampp1\htdocs\zohoCRM\zohoCRM\app\Http\Controllers\ZohocrmController.php(23): App\ZohoInitializer->initialize()
#6 C:\xampp1\htdocs\zohoCRM\zohoCRM\vendor\laravel\framework\src\Illuminate\Routing\Controller.php(54): App\Http\Controllers\ZohocrmController->show(Object(Illuminate\Http\Request))
#7 C:\xampp1\htdocs\zohoCRM\zohoCRM\vendor\laravel\framework\src\Illuminate\Routing\ControllerDispatcher.php(43): Illuminate\Routing\Controller->callAction('show', Array)
#8 C:\xampp1\htdocs\zohoCRM\zohoCRM\vendor\laravel\framework\src\Illuminate\Routing\Route.php(260): Illuminate\Routing\ControllerDispatcher->dispatch(Object(Illuminate\Routing\Route), Object(App\Http\Controllers\ZohocrmController), 'show')
#9 C:\xampp1\htdocs\zohoCRM\zohoCRM\vendor\laravel\framework\src\Illuminate\Routing\Route.php(205): Illuminate\Routing\Route->runController()
#10 C:\xampp1\htdocs\zohoCRM\zohoCRM\vendor\laravel\framework\src\Illuminate\Routing\Router.php(798): Illuminate\Routing\Route->run()
#11 C:\xampp1\htdocs\zohoCRM\zohoCRM\vendor\laravel\framework\src\Illuminate\Pipeline\Pipeline.php(141): Illuminate\Routing\Router->Illuminate\Routing\{closure}(Object(Illuminate\Http\Request))
#12 C:\xampp1\htdocs\zohoCRM\zohoCRM\vendor\laravel\framework\src\Illuminate\Routing\Middleware\SubstituteBindings.php(50): Illuminate\Pipeline\Pipeline->Illuminate\Pipeline\{closure}(Object(Illuminate\Http\Request))
#13 C:\xampp1\htdocs\zohoCRM\zohoCRM\vendor\laravel\framework\src\Illuminate\Pipeline\Pipeline.php(180): Illuminate\Routing\Middleware\SubstituteBindings->handle(Object(Illuminate\Http\Request), Object(Closure))
#14 C:\xampp1\htdocs\zohoCRM\zohoCRM\vendor\laravel\framework\src\Illuminate\Foundation\Http\Middleware\VerifyCsrfToken.php(78): Illuminate\Pipeline\Pipeline->Illuminate\Pipeline\{closure}(Object(Illuminate\Http\Request))
#15 C:\xampp1\htdocs\zohoCRM\zohoCRM\vendor\laravel\framework\src\Illuminate\Pipeline\Pipeline.php(180): Illuminate\Foundation\Http\Middleware\VerifyCsrfToken->handle(Object(Illuminate\Http\Request), Object(Closure))
#16 C:\xampp1\htdocs\zohoCRM\zohoCRM\vendor\laravel\framework\src\Illuminate\View\Middleware\ShareErrorsFromSession.php(49): Illuminate\Pipeline\Pipeline->Illuminate\Pipeline\{closure}(Object(Illuminate\Http\Request))
#17 C:\xampp1\htdocs\zohoCRM\zohoCRM\vendor\laravel\framework\src\Illuminate\Pipeline\Pipeline.php(180): Illuminate\View\Middleware\ShareErrorsFromSession->handle(Object(Illuminate\Http\Request), Object(Closure))
#18 C:\xampp1\htdocs\zohoCRM\zohoCRM\vendor\laravel\framework\src\Illuminate\Session\Middleware\StartSession.php(121): Illuminate\Pipeline\Pipeline->Illuminate\Pipeline\{closure}(Object(Illuminate\Http\Request))
#19 C:\xampp1\htdocs\zohoCRM\zohoCRM\vendor\laravel\framework\src\Illuminate\Session\Middleware\StartSession.php(64): Illuminate\Session\Middleware\StartSession->handleStatefulRequest(Object(Illuminate\Http\Request), Object(Illuminate\Session\Store), Object(Closure))
#20 C:\xampp1\htdocs\zohoCRM\zohoCRM\vendor\laravel\framework\src\Illuminate\Pipeline\Pipeline.php(180): Illuminate\Session\Middleware\StartSession->handle(Object(Illuminate\Http\Request), Object(Closure))
#21 C:\xampp1\htdocs\zohoCRM\zohoCRM\vendor\laravel\framework\src\Illuminate\Cookie\Middleware\AddQueuedCookiesToResponse.php(37): Illuminate\Pipeline\Pipeline->Illuminate\Pipeline\{closure}(Object(Illuminate\Http\Request))
#22 C:\xampp1\htdocs\zohoCRM\zohoCRM\vendor\laravel\framework\src\Illuminate\Pipeline\Pipeline.php(180): Illuminate\Cookie\Middleware\AddQueuedCookiesToResponse->handle(Object(Illuminate\Http\Request), Object(Closure))
#23 C:\xampp1\htdocs\zohoCRM\zohoCRM\vendor\laravel\framework\src\Illuminate\Cookie\Middleware\EncryptCookies.php(67): Illuminate\Pipeline\Pipeline->Illuminate\Pipeline\{closure}(Object(Illuminate\Http\Request))
#24 C:\xampp1\htdocs\zohoCRM\zohoCRM\vendor\laravel\framework\src\Illuminate\Pipeline\Pipeline.php(180): Illuminate\Cookie\Middleware\EncryptCookies->handle(Object(Illuminate\Http\Request), Object(Closure))
#25 C:\xampp1\htdocs\zohoCRM\zohoCRM\vendor\laravel\framework\src\Illuminate\Pipeline\Pipeline.php(116): Illuminate\Pipeline\Pipeline->Illuminate\Pipeline\{closure}(Object(Illuminate\Http\Request))
#26 C:\xampp1\htdocs\zohoCRM\zohoCRM\vendor\laravel\framework\src\Illuminate\Routing\Router.php(799): Illuminate\Pipeline\Pipeline->then(Object(Closure))
#27 C:\xampp1\htdocs\zohoCRM\zohoCRM\vendor\laravel\framework\src\Illuminate\Routing\Router.php(776): Illuminate\Routing\Router->runRouteWithinStack(Object(Illuminate\Routing\Route), Object(Illuminate\Http\Request))
#28 C:\xampp1\htdocs\zohoCRM\zohoCRM\vendor\laravel\framework\src\Illuminate\Routing\Router.php(740): Illuminate\Routing\Router->runRoute(Object(Illuminate\Http\Request), Object(Illuminate\Routing\Route))
#29 C:\xampp1\htdocs\zohoCRM\zohoCRM\vendor\laravel\framework\src\Illuminate\Routing\Router.php(729): Illuminate\Routing\Router->dispatchToRoute(Object(Illuminate\Http\Request))
#30 C:\xampp1\htdocs\zohoCRM\zohoCRM\vendor\laravel\framework\src\Illuminate\Foundation\Http\Kernel.php(200): Illuminate\Routing\Router->dispatch(Object(Illuminate\Http\Request))
#31 C:\xampp1\htdocs\zohoCRM\zohoCRM\vendor\laravel\framework\src\Illuminate\Pipeline\Pipeline.php(141): Illuminate\Foundation\Http\Kernel->Illuminate\Foundation\Http\{closure}(Object(Illuminate\Http\Request))
#32 C:\xampp1\htdocs\zohoCRM\zohoCRM\vendor\laravel\framework\src\Illuminate\Foundation\Http\Middleware\TransformsRequest.php(21): Illuminate\Pipeline\Pipeline->Illuminate\Pipeline\{closure}(Object(Illuminate\Http\Request))
#33 C:\xampp1\htdocs\zohoCRM\zohoCRM\vendor\laravel\framework\src\Illuminate\Foundation\Http\Middleware\ConvertEmptyStringsToNull.php(31): Illuminate\Foundation\Http\Middleware\TransformsRequest->handle(Object(Illuminate\Http\Request), Object(Closure))
#34 C:\xampp1\htdocs\zohoCRM\zohoCRM\vendor\laravel\framework\src\Illuminate\Pipeline\Pipeline.php(180): Illuminate\Foundation\Http\Middleware\ConvertEmptyStringsToNull->handle(Object(Illuminate\Http\Request), Object(Closure))
#35 C:\xampp1\htdocs\zohoCRM\zohoCRM\vendor\laravel\framework\src\Illuminate\Foundation\Http\Middleware\TransformsRequest.php(21): Illuminate\Pipeline\Pipeline->Illuminate\Pipeline\{closure}(Object(Illuminate\Http\Request))
#36 C:\xampp1\htdocs\zohoCRM\zohoCRM\vendor\laravel\framework\src\Illuminate\Foundation\Http\Middleware\TrimStrings.php(40): Illuminate\Foundation\Http\Middleware\TransformsRequest->handle(Object(Illuminate\Http\Request), Object(Closure))
#37 C:\xampp1\htdocs\zohoCRM\zohoCRM\vendor\laravel\framework\src\Illuminate\Pipeline\Pipeline.php(180): Illuminate\Foundation\Http\Middleware\TrimStrings->handle(Object(Illuminate\Http\Request), Object(Closure))
#38 C:\xampp1\htdocs\zohoCRM\zohoCRM\vendor\laravel\framework\src\Illuminate\Foundation\Http\Middleware\ValidatePostSize.php(27): Illuminate\Pipeline\Pipeline->Illuminate\Pipeline\{closure}(Object(Illuminate\Http\Request))
#39 C:\xampp1\htdocs\zohoCRM\zohoCRM\vendor\laravel\framework\src\Illuminate\Pipeline\Pipeline.php(180): Illuminate\Foundation\Http\Middleware\ValidatePostSize->handle(Object(Illuminate\Http\Request), Object(Closure))
#40 C:\xampp1\htdocs\zohoCRM\zohoCRM\vendor\laravel\framework\src\Illuminate\Foundation\Http\Middleware\PreventRequestsDuringMaintenance.php(86): Illuminate\Pipeline\Pipeline->Illuminate\Pipeline\{closure}(Object(Illuminate\Http\Request))
#41 C:\xampp1\htdocs\zohoCRM\zohoCRM\vendor\laravel\framework\src\Illuminate\Pipeline\Pipeline.php(180): Illuminate\Foundation\Http\Middleware\PreventRequestsDuringMaintenance->handle(Object(Illuminate\Http\Request), Object(Closure))
#42 C:\xampp1\htdocs\zohoCRM\zohoCRM\vendor\laravel\framework\src\Illuminate\Http\Middleware\HandleCors.php(49): Illuminate\Pipeline\Pipeline->Illuminate\Pipeline\{closure}(Object(Illuminate\Http\Request))
#43 C:\xampp1\htdocs\zohoCRM\zohoCRM\vendor\laravel\framework\src\Illuminate\Pipeline\Pipeline.php(180): Illuminate\Http\Middleware\HandleCors->handle(Object(Illuminate\Http\Request), Object(Closure))
#44 C:\xampp1\htdocs\zohoCRM\zohoCRM\vendor\laravel\framework\src\Illuminate\Http\Middleware\TrustProxies.php(39): Illuminate\Pipeline\Pipeline->Illuminate\Pipeline\{closure}(Object(Illuminate\Http\Request))
#45 C:\xampp1\htdocs\zohoCRM\zohoCRM\vendor\laravel\framework\src\Illuminate\Pipeline\Pipeline.php(180): Illuminate\Http\Middleware\TrustProxies->handle(Object(Illuminate\Http\Request), Object(Closure))
#46 C:\xampp1\htdocs\zohoCRM\zohoCRM\vendor\laravel\framework\src\Illuminate\Pipeline\Pipeline.php(116): Illuminate\Pipeline\Pipeline->Illuminate\Pipeline\{closure}(Object(Illuminate\Http\Request))
#47 C:\xampp1\htdocs\zohoCRM\zohoCRM\vendor\laravel\framework\src\Illuminate\Foundation\Http\Kernel.php(175): Illuminate\Pipeline\Pipeline->then(Object(Closure))
#48 C:\xampp1\htdocs\zohoCRM\zohoCRM\vendor\laravel\framework\src\Illuminate\Foundation\Http\Kernel.php(144): Illuminate\Foundation\Http\Kernel->sendRequestThroughRouter(Object(Illuminate\Http\Request))
#49 C:\xampp1\htdocs\zohoCRM\zohoCRM\public\index.php(52): Illuminate\Foundation\Http\Kernel->handle(Object(Illuminate\Http\Request))
#50 C:\xampp1\htdocs\zohoCRM\zohoCRM\vendor\laravel\framework\src\Illuminate\Foundation\resources\server.php(16): require_once('C:\\xampp1\\htdoc...')
#51 {main}
2023-02-19 00:36:48 com\zoho\api\logger\SDKLogger INFO Initialization successful for Email Id : daniel.artemiev@outlook.com in Environment : https://www.zohoapis.eu.
2023-02-19 00:37:18 com\zoho\api\logger\SDKLogger INFO Initialization successful for Email Id : daniel.artemiev@outlook.com in Environment : https://www.zohoapis.eu.
2023-02-19 00:37:25 com\zoho\api\logger\SDKLogger INFO Initialization successful for Email Id : daniel.artemiev@outlook.com in Environment : https://www.zohoapis.eu.
2023-02-19 00:38:34 com\zoho\api\logger\SDKLogger INFO Initialization successful for Email Id : daniel.artemiev@outlook.com in Environment : https://www.zohoapis.eu.
2023-02-19 00:48:09 com\zoho\api\logger\SDKLogger INFO Initialization successful for Email Id : daniel.artemiev@outlook.com in Environment : https://www.zohoapis.eu.
2023-02-19 00:48:22 com\zoho\api\logger\SDKLogger INFO Initialization successful for Email Id : daniel.artemiev@outlook.com in Environment : https://www.zohoapis.eu.
2023-02-19 00:53:14 com\zoho\api\logger\SDKLogger INFO Initialization successful for Email Id : daniel.artemiev@outlook.com in Environment : https://www.zohoapis.eu.
2023-02-19 00:54:38 com\zoho\api\logger\SDKLogger INFO Initialization successful for Email Id : daniel.artemiev@outlook.com in Environment : https://www.zohoapis.eu.
2023-02-19 00:56:07 com\zoho\api\logger\SDKLogger INFO Initialization successful for Email Id : daniel.artemiev@outlook.com in Environment : https://www.zohoapis.eu.
2023-02-19 00:57:38 com\zoho\api\logger\SDKLogger INFO Initialization successful for Email Id : daniel.artemiev@outlook.com in Environment : https://www.zohoapis.eu.
2023-02-19 01:00:05 com\zoho\api\logger\SDKLogger INFO Initialization successful for Email Id : daniel.artemiev@outlook.com in Environment : https://www.zohoapis.eu.
2023-02-19 01:00:09 com\zoho\api\logger\SDKLogger INFO Initialization successful for Email Id : daniel.artemiev@outlook.com in Environment : https://www.zohoapis.eu.
2023-02-19 01:00:14 com\zoho\api\logger\SDKLogger INFO Initialization successful for Email Id : daniel.artemiev@outlook.com in Environment : https://www.zohoapis.eu.
2023-02-19 01:00:25 com\zoho\api\logger\SDKLogger INFO Initialization successful for Email Id : daniel.artemiev@outlook.com in Environment : https://www.zohoapis.eu.
2023-02-19 01:06:39 com\zoho\api\logger\SDKLogger INFO Initialization successful for Email Id : daniel.artemiev@outlook.com in Environment : https://www.zohoapis.com.
2023-02-19 01:08:18 com\zoho\api\logger\SDKLogger INFO Initialization successful for Email Id : daniel.artemiev@outlook.com in Environment : https://www.zohoapis.com.
2023-02-19 01:09:29 com\zoho\api\logger\SDKLogger INFO GET - URL = https://www.zohoapis.com/crm/v2/settings/fields?module=Contacts , headers = {"Authorization":" ## can't disclose ## ","X-ZOHO-SDK":"Windows NT\/10.0\/php-2.0\/8.1.6:4.0.0"} , PARAMS = {"module":"Contacts"}.
2023-02-19 01:09:30 com\zoho\api\logger\SDKLogger INFO GET - URL = https://www.zohoapis.com/crm/v2/settings/fields?module=Accounts , headers = {"Authorization":" ## can't disclose ## ","X-ZOHO-SDK":"Windows NT\/10.0\/php-2.0\/8.1.6:4.0.0"} , PARAMS = {"module":"Accounts"}.
2023-02-19 01:09:31 com\zoho\api\logger\SDKLogger INFO GET - URL = https://www.zohoapis.com/crm/v2/settings/fields?module=Vendors , headers = {"Authorization":" ## can't disclose ## ","X-ZOHO-SDK":"Windows NT\/10.0\/php-2.0\/8.1.6:4.0.0"} , PARAMS = {"module":"Vendors"}.
2023-02-19 01:09:32 com\zoho\api\logger\SDKLogger INFO GET - URL = https://www.zohoapis.com/crm/v2/Contacts?approved=false , headers = {"If-Modified-Since":"2020-06-02T05:33:06+00:00","Authorization":" ## can't disclose ## ","X-ZOHO-SDK":"Windows NT\/10.0\/php-2.0\/8.1.6:4.0.0"} , PARAMS = {"approved":"false"}.
2023-02-19 01:09:32 com\zoho\api\logger\SDKLogger SEVERE Error response :{"response":"HTTP\/1.1 304 \r\nServer: ZGS\r\nDate: Sun, 19 Feb 2023 01:09:32 GMT\r\nConnection: keep-alive\r\nSet-Cookie: 1ccad04dca=c1a9e28267607db55d48a8cb46fbdcd1; Path=\/\r\nReferrer-Policy: strict-origin\r\nX-Content-Type-Options: nosniff\r\nX-XSS-Protection: 1; mode=block\r\nSet-Cookie: crmcsr=7d3f9382-164d-474a-8156-2c4ff5d8dc0f;path=\/;Secure;priority=high\r\nSet-Cookie: _zcsr_tmp=7d3f9382-164d-474a-8156-2c4ff5d8dc0f;path=\/;SameSite=Strict;Secure;priority=high\r\nCache-Control: no-store, no-cache, must-revalidate, private\r\nPragma: no-cache\r\nExpires: Thu, 01 Jan 1970 00:00:00 GMT\r\nX-Frame-Options: SAMEORIGIN\r\nX-ACCESSTOKEN-RESET: 2023-02-18T18:08:37-08:00\r\nclientVersion: 6007735\r\nclientsubVersion: 73cb86c33821cf861d01dedd6b33d075\r\nSet-Cookie: JSESSIONID=CBFFA9276E5C455347AC97009C80E294; Path=\/; Secure\r\nContent-Disposition: attachment; filename=response.json\r\nX-Download-Options: noopen\r\nStrict-Transport-Security: max-age=63072000\r\n\r\n","http_code":304,"headers":{"http\/1.1 304 ":"HTTP\/1.1 304 ","server":"ZGS","date":"Sun, 19 Feb 2023 01:09:32 GMT","connection":"keep-alive","set-cookie":"JSESSIONID=CBFFA9276E5C455347AC97009C80E294; Path=\/; Secure","referrer-policy":"strict-origin","x-content-type-options":"nosniff","x-xss-protection":"1; mode=block","cache-control":"no-store, no-cache, must-revalidate, private","pragma":"no-cache","expires":"Thu, 01 Jan 1970 00:00:00 GMT","x-frame-options":"SAMEORIGIN","x-accesstoken-reset":"2023-02-18T18:08:37-08:00","clientversion":"6007735","clientsubversion":"73cb86c33821cf861d01dedd6b33d075","content-disposition":"attachment; filename=response.json","x-download-options":"noopen","strict-transport-security":"max-age=63072000"}}
2023-02-19 01:11:32 com\zoho\api\logger\SDKLogger INFO Initialization successful for Email Id : daniel.artemiev@outlook.com in Environment : https://www.zohoapis.com.
2023-02-19 01:16:12 com\zoho\api\logger\SDKLogger INFO Initialization successful for Email Id : daniel.artemiev@outlook.com in Environment : https://www.zohoapis.com.
2023-02-19 01:17:15 com\zoho\api\logger\SDKLogger INFO Initialization successful for Email Id : daniel.artemiev@outlook.com in Environment : https://www.zohoapis.com.
2023-02-19 01:18:19 com\zoho\api\logger\SDKLogger INFO GET - URL = https://www.zohoapis.com/crm/v2/Contacts?approved=false , headers = {"Authorization":" ## can't disclose ## ","X-ZOHO-SDK":"Windows NT\/10.0\/php-2.0\/8.1.6:4.0.0"} , PARAMS = {"approved":"false"}.
2023-02-19 01:35:04 com\zoho\api\logger\SDKLogger INFO Initialization successful for Email Id : daniel.artemiev@outlook.com in Environment : https://www.zohoapis.com.
2023-02-19 01:36:50 com\zoho\api\logger\SDKLogger INFO Initialization successful for Email Id : daniel.artemiev@outlook.com in Environment : https://www.zohoapis.com.
2023-02-19 01:37:16 com\zoho\api\logger\SDKLogger INFO GET - URL = https://www.zohoapis.com/crm/v2.2/Contacts?approved=false , headers = {"Authorization":" ## can't disclose ## ","X-ZOHO-SDK":"Windows NT\/10.0\/php-2.0\/8.1.6:4.0.0"} , PARAMS = {"approved":"false"}.
2023-02-19 01:37:40 com\zoho\api\logger\SDKLogger INFO Initialization successful for Email Id : daniel.artemiev@outlook.com in Environment : https://www.zohoapis.com.
2023-02-19 01:39:11 com\zoho\api\logger\SDKLogger INFO GET - URL = https://www.zohoapis.com/crm/v2.2/Contacts?approved=false , headers = {"Authorization":" ## can't disclose ## ","X-ZOHO-SDK":"Windows NT\/10.0\/php-2.0\/8.1.6:4.0.0"} , PARAMS = {"approved":"false"}.
2023-02-19 01:41:46 com\zoho\api\logger\SDKLogger INFO Initialization successful for Email Id : daniel.artemiev@outlook.com in Environment : https://www.zohoapis.com.
2023-02-19 01:42:52 com\zoho\api\logger\SDKLogger INFO Initialization successful for Email Id : daniel.artemiev@outlook.com in Environment : https://www.zohoapis.com.
2023-02-19 01:45:22 com\zoho\api\logger\SDKLogger INFO GET - URL = https://www.zohoapis.com/crm/v2/Contacts?approved=false , headers = {"Authorization":" ## can't disclose ## ","X-ZOHO-SDK":"Windows NT\/10.0\/php-2.0\/8.1.6:4.0.0"} , PARAMS = {"approved":"false"}.
2023-02-19 01:55:00 com\zoho\api\logger\SDKLogger INFO Initialization successful for Email Id : daniel.artemiev@outlook.com in Environment : https://www.zohoapis.com.
2023-02-19 01:55:32 com\zoho\api\logger\SDKLogger INFO GET - URL = https://www.zohoapis.com/crm/v2/Contacts/5661264000000413337 , headers = {"Authorization":" ## can't disclose ## ","X-ZOHO-SDK":"Windows NT\/10.0\/php-2.0\/8.1.6:4.0.0"} , PARAMS = [].
2023-02-19 02:18:28 com\zoho\api\logger\SDKLogger INFO Initialization successful for Email Id : daniel.artemiev@outlook.com in Environment : https://www.zohoapis.com.
2023-02-19 02:18:35 com\zoho\api\logger\SDKLogger INFO Access Token has expired. Hence refreshing.
2023-02-19 02:18:36 com\zoho\api\logger\SDKLogger INFO GET - URL = https://www.zohoapis.com/crm/v2/Contacts/5661264000000413337 , headers = {"Authorization":" ## can't disclose ## ","X-ZOHO-SDK":"Windows NT\/10.0\/php-2.0\/8.1.6:4.0.0"} , PARAMS = [].
2023-02-19 12:04:01 com\zoho\api\logger\SDKLogger INFO Initialization successful for Email Id : daniel.artemiev@outlook.com in Environment : https://www.zohoapis.com.
2023-02-19 12:04:01 com\zoho\api\logger\SDKLogger INFO Access Token has expired. Hence refreshing.
2023-02-19 12:04:01 com\zoho\api\logger\SDKLogger INFO GET - URL = https://www.zohoapis.com/crm/v2/Contacts/5661264000000413337 , headers = {"Authorization":" ## can't disclose ## ","X-ZOHO-SDK":"Windows NT\/10.0\/php-2.0\/8.1.6:4.0.0"} , PARAMS = [].
2023-02-19 15:12:09 com\zoho\api\logger\SDKLogger INFO Initialization successful for Email Id : daniel.artemiev@outlook.com in Environment : https://www.zohoapis.com.
2023-02-19 15:12:09 com\zoho\api\logger\SDKLogger INFO Access Token has expired. Hence refreshing.
2023-02-19 15:13:42 com\zoho\api\logger\SDKLogger INFO Initialization successful for Email Id : daniel.artemiev@outlook.com in Environment : https://www.zohoapis.com.
2023-02-19 15:19:22 com\zoho\api\logger\SDKLogger INFO Initialization successful for Email Id : daniel.artemiev@outlook.com in Environment : https://www.zohoapis.com.
2023-02-19 15:20:10 com\zoho\api\logger\SDKLogger INFO Initialization successful for Email Id : daniel.artemiev@outlook.com in Environment : https://www.zohoapis.com.
2023-02-19 15:22:15 com\zoho\api\logger\SDKLogger INFO Initialization successful for Email Id : daniel.artemiev@outlook.com in Environment : https://www.zohoapis.com.
2023-02-19 15:24:34 com\zoho\api\logger\SDKLogger INFO Initialization successful for Email Id : daniel.artemiev@outlook.com in Environment : https://www.zohoapis.com.
2023-02-19 15:29:01 com\zoho\api\logger\SDKLogger INFO Initialization successful for Email Id : daniel.artemiev@outlook.com in Environment : https://www.zohoapis.com.
2023-02-19 15:30:39 com\zoho\api\logger\SDKLogger INFO Initialization successful for Email Id : daniel.artemiev@outlook.com in Environment : https://www.zohoapis.com.
2023-02-19 15:32:23 com\zoho\api\logger\SDKLogger INFO Initialization successful for Email Id : daniel.artemiev@outlook.com in Environment : https://www.zohoapis.com.
2023-02-19 16:29:58 com\zoho\api\logger\SDKLogger INFO Initialization successful for Email Id : daniel.artemiev@outlook.com in Environment : https://www.zohoapis.com.
2023-02-19 16:34:36 com\zoho\api\logger\SDKLogger INFO Initialization successful for Email Id : daniel.artemiev@outlook.com in Environment : https://www.zohoapis.com.
2023-02-19 16:34:44 com\zoho\api\logger\SDKLogger INFO Access Token has expired. Hence refreshing.
2023-02-19 16:36:52 com\zoho\api\logger\SDKLogger INFO Initialization successful for Email Id : daniel.artemiev@outlook.com in Environment : https://www.zohoapis.com.
2023-02-19 16:37:48 com\zoho\api\logger\SDKLogger INFO Initialization successful for Email Id : daniel.artemiev@outlook.com in Environment : https://www.zohoapis.com.
2023-02-19 16:48:38 com\zoho\api\logger\SDKLogger INFO Initialization successful for Email Id : daniel.artemiev@outlook.com in Environment : https://www.zohoapis.com.
2023-02-19 16:49:54 com\zoho\api\logger\SDKLogger INFO Initialization successful for Email Id : daniel.artemiev@outlook.com in Environment : https://www.zohoapis.com.
2023-02-19 17:01:38 com\zoho\api\logger\SDKLogger INFO Initialization successful for Email Id : daniel.artemiev@outlook.com in Environment : https://www.zohoapis.com.
2023-02-19 17:02:31 com\zoho\api\logger\SDKLogger INFO Initialization successful for Email Id : daniel.artemiev@outlook.com in Environment : https://www.zohoapis.com.
2023-02-19 17:16:28 com\zoho\api\logger\SDKLogger INFO Initialization successful for Email Id : daniel.artemiev@outlook.com in Environment : https://www.zohoapis.com.
2023-02-19 17:16:58 com\zoho\api\logger\SDKLogger INFO Initialization successful for Email Id : daniel.artemiev@outlook.com in Environment : https://www.zohoapis.com.
2023-02-19 17:17:27 com\zoho\api\logger\SDKLogger INFO Initialization successful for Email Id : daniel.artemiev@outlook.com in Environment : https://www.zohoapis.com.
2023-02-19 17:20:54 com\zoho\api\logger\SDKLogger INFO Initialization successful for Email Id : daniel.artemiev@outlook.com in Environment : https://www.zohoapis.com.
2023-02-19 17:21:32 com\zoho\api\logger\SDKLogger INFO Initialization successful for Email Id : daniel.artemiev@outlook.com in Environment : https://www.zohoapis.com.
2023-02-19 17:36:39 com\zoho\api\logger\SDKLogger INFO Initialization successful for Email Id : daniel.artemiev@outlook.com in Environment : https://www.zohoapis.com.
2023-02-19 17:36:39 com\zoho\api\logger\SDKLogger INFO Access Token has expired. Hence refreshing.
2023-02-19 17:59:55 com\zoho\api\logger\SDKLogger INFO Initialization successful for Email Id : daniel.artemiev@outlook.com in Environment : https://www.zohoapis.com.
2023-02-19 18:00:47 com\zoho\api\logger\SDKLogger INFO Initialization successful for Email Id : daniel.artemiev@outlook.com in Environment : https://www.zohoapis.com.
2023-02-19 18:08:33 com\zoho\api\logger\SDKLogger INFO Initialization successful for Email Id : daniel.artemiev@outlook.com in Environment : https://www.zohoapis.com.
2023-02-19 18:09:14 com\zoho\api\logger\SDKLogger INFO Initialization successful for Email Id : daniel.artemiev@outlook.com in Environment : https://www.zohoapis.com.
2023-02-19 18:09:20 com\zoho\api\logger\SDKLogger INFO Initialization successful for Email Id : daniel.artemiev@outlook.com in Environment : https://www.zohoapis.com.
2023-02-19 18:12:21 com\zoho\api\logger\SDKLogger INFO Initialization successful for Email Id : daniel.artemiev@outlook.com in Environment : https://www.zohoapis.com.
2023-02-19 18:15:08 com\zoho\api\logger\SDKLogger INFO Initialization successful for Email Id : daniel.artemiev@outlook.com in Environment : https://www.zohoapis.com.
2023-02-19 18:20:50 com\zoho\api\logger\SDKLogger INFO Initialization successful for Email Id : daniel.artemiev@outlook.com in Environment : https://www.zohoapis.com.
2023-02-19 18:27:25 com\zoho\api\logger\SDKLogger INFO Initialization successful for Email Id : daniel.artemiev@outlook.com in Environment : https://www.zohoapis.com.
2023-02-19 18:28:15 com\zoho\api\logger\SDKLogger INFO Initialization successful for Email Id : daniel.artemiev@outlook.com in Environment : https://www.zohoapis.com.
2023-02-19 18:34:30 com\zoho\api\logger\SDKLogger INFO Initialization successful for Email Id : daniel.artemiev@outlook.com in Environment : https://www.zohoapis.com.
2023-02-19 18:36:39 com\zoho\api\logger\SDKLogger INFO Initialization successful for Email Id : daniel.artemiev@outlook.com in Environment : https://www.zohoapis.com.
2023-02-19 18:36:39 com\zoho\api\logger\SDKLogger INFO Access Token has expired. Hence refreshing.
2023-02-19 18:37:34 com\zoho\api\logger\SDKLogger INFO Initialization successful for Email Id : daniel.artemiev@outlook.com in Environment : https://www.zohoapis.com.
2023-02-19 18:38:55 com\zoho\api\logger\SDKLogger INFO Initialization successful for Email Id : daniel.artemiev@outlook.com in Environment : https://www.zohoapis.com.
2023-02-19 18:40:23 com\zoho\api\logger\SDKLogger INFO Initialization successful for Email Id : daniel.artemiev@outlook.com in Environment : https://www.zohoapis.com.
2023-02-19 18:42:10 com\zoho\api\logger\SDKLogger INFO Initialization successful for Email Id : daniel.artemiev@outlook.com in Environment : https://www.zohoapis.com.
2023-02-19 18:42:38 com\zoho\api\logger\SDKLogger INFO Initialization successful for Email Id : daniel.artemiev@outlook.com in Environment : https://www.zohoapis.com.
2023-02-19 18:43:13 com\zoho\api\logger\SDKLogger INFO Initialization successful for Email Id : daniel.artemiev@outlook.com in Environment : https://www.zohoapis.com.
2023-02-19 18:44:31 com\zoho\api\logger\SDKLogger INFO Initialization successful for Email Id : daniel.artemiev@outlook.com in Environment : https://www.zohoapis.com.
2023-02-19 18:46:35 com\zoho\api\logger\SDKLogger INFO Initialization successful for Email Id : daniel.artemiev@outlook.com in Environment : https://www.zohoapis.com.
2023-02-19 18:49:16 com\zoho\api\logger\SDKLogger INFO Initialization successful for Email Id : daniel.artemiev@outlook.com in Environment : https://www.zohoapis.com.
2023-02-19 20:08:01 com\zoho\api\logger\SDKLogger INFO Initialization successful for Email Id : daniel.artemiev@outlook.com in Environment : https://www.zohoapis.com.
2023-02-19 20:08:01 com\zoho\api\logger\SDKLogger INFO Access Token has expired. Hence refreshing.
2023-02-19 20:15:05 com\zoho\api\logger\SDKLogger INFO Initialization successful for Email Id : daniel.artemiev@outlook.com in Environment : https://www.zohoapis.com.
2023-02-19 20:15:30 com\zoho\api\logger\SDKLogger INFO Initialization successful for Email Id : daniel.artemiev@outlook.com in Environment : https://www.zohoapis.com.
2023-02-19 20:17:34 com\zoho\api\logger\SDKLogger INFO Initialization successful for Email Id : daniel.artemiev@outlook.com in Environment : https://www.zohoapis.com.
2023-02-19 20:21:03 com\zoho\api\logger\SDKLogger INFO Initialization successful for Email Id : daniel.artemiev@outlook.com in Environment : https://www.zohoapis.com.
2023-02-19 20:22:00 com\zoho\api\logger\SDKLogger INFO Initialization successful for Email Id : daniel.artemiev@outlook.com in Environment : https://www.zohoapis.com.
2023-02-19 20:24:09 com\zoho\api\logger\SDKLogger INFO Initialization successful for Email Id : daniel.artemiev@outlook.com in Environment : https://www.zohoapis.com.
2023-02-19 20:25:53 com\zoho\api\logger\SDKLogger INFO Initialization successful for Email Id : daniel.artemiev@outlook.com in Environment : https://www.zohoapis.com.
2023-02-19 20:26:02 com\zoho\api\logger\SDKLogger INFO Initialization successful for Email Id : daniel.artemiev@outlook.com in Environment : https://www.zohoapis.com.
2023-02-19 20:27:39 com\zoho\api\logger\SDKLogger INFO Initialization successful for Email Id : daniel.artemiev@outlook.com in Environment : https://www.zohoapis.com.
2023-02-19 20:34:09 com\zoho\api\logger\SDKLogger INFO Initialization successful for Email Id : daniel.artemiev@outlook.com in Environment : https://www.zohoapis.com.
2023-02-19 20:34:49 com\zoho\api\logger\SDKLogger INFO Initialization successful for Email Id : daniel.artemiev@outlook.com in Environment : https://www.zohoapis.com.
2023-02-19 20:36:47 com\zoho\api\logger\SDKLogger INFO Initialization successful for Email Id : daniel.artemiev@outlook.com in Environment : https://www.zohoapis.com.
2023-02-19 20:36:58 com\zoho\api\logger\SDKLogger INFO Initialization successful for Email Id : daniel.artemiev@outlook.com in Environment : https://www.zohoapis.com.
2023-02-19 20:38:02 com\zoho\api\logger\SDKLogger INFO Initialization successful for Email Id : daniel.artemiev@outlook.com in Environment : https://www.zohoapis.com.
2023-02-19 20:38:05 com\zoho\api\logger\SDKLogger INFO Initialization successful for Email Id : daniel.artemiev@outlook.com in Environment : https://www.zohoapis.com.
2023-02-19 21:48:21 com\zoho\api\logger\SDKLogger INFO Initialization successful for Email Id : daniel.artemiev@outlook.com in Environment : https://www.zohoapis.com.
2023-02-19 21:48:21 com\zoho\api\logger\SDKLogger INFO Access Token has expired. Hence refreshing.
2023-02-19 21:55:04 com\zoho\api\logger\SDKLogger INFO Initialization successful for Email Id : daniel.artemiev@outlook.com in Environment : https://www.zohoapis.com.
2023-02-19 22:04:22 com\zoho\api\logger\SDKLogger INFO Initialization successful for Email Id : daniel.artemiev@outlook.com in Environment : https://www.zohoapis.com.
2023-02-19 22:05:34 com\zoho\api\logger\SDKLogger INFO Initialization successful for Email Id : daniel.artemiev@outlook.com in Environment : https://www.zohoapis.com.
2023-02-19 22:15:30 com\zoho\api\logger\SDKLogger INFO Initialization successful for Email Id : daniel.artemiev@outlook.com in Environment : https://www.zohoapis.com.
2023-02-19 22:32:50 com\zoho\api\logger\SDKLogger INFO Initialization successful for Email Id : daniel.artemiev@outlook.com in Environment : https://www.zohoapis.com.
2023-02-19 22:41:44 com\zoho\api\logger\SDKLogger INFO Initialization successful for Email Id : daniel.artemiev@outlook.com in Environment : https://www.zohoapis.com.
2023-02-19 22:49:15 com\zoho\api\logger\SDKLogger INFO Initialization successful for Email Id : daniel.artemiev@outlook.com in Environment : https://www.zohoapis.com.
2023-02-19 22:49:15 com\zoho\api\logger\SDKLogger INFO Access Token has expired. Hence refreshing.
2023-02-19 23:08:36 com\zoho\api\logger\SDKLogger INFO Initialization successful for Email Id : daniel.artemiev@outlook.com in Environment : https://www.zohoapis.com.
2023-02-19 23:12:04 com\zoho\api\logger\SDKLogger INFO Initialization successful for Email Id : daniel.artemiev@outlook.com in Environment : https://www.zohoapis.com.
2023-02-19 23:13:14 com\zoho\api\logger\SDKLogger INFO Initialization successful for Email Id : daniel.artemiev@outlook.com in Environment : https://www.zohoapis.com.
2023-02-19 23:14:11 com\zoho\api\logger\SDKLogger INFO Initialization successful for Email Id : daniel.artemiev@outlook.com in Environment : https://www.zohoapis.com.
2023-02-19 23:15:23 com\zoho\api\logger\SDKLogger INFO Initialization successful for Email Id : daniel.artemiev@outlook.com in Environment : https://www.zohoapis.com.
2023-02-19 23:15:35 com\zoho\api\logger\SDKLogger INFO Initialization successful for Email Id : daniel.artemiev@outlook.com in Environment : https://www.zohoapis.com.
2023-02-19 23:22:18 com\zoho\api\logger\SDKLogger INFO Initialization successful for Email Id : daniel.artemiev@outlook.com in Environment : https://www.zohoapis.com.
2023-02-19 23:22:55 com\zoho\api\logger\SDKLogger INFO Initialization successful for Email Id : daniel.artemiev@outlook.com in Environment : https://www.zohoapis.com.
2023-02-19 23:25:18 com\zoho\api\logger\SDKLogger INFO Initialization successful for Email Id : daniel.artemiev@outlook.com in Environment : https://www.zohoapis.com.
2023-02-19 23:27:38 com\zoho\api\logger\SDKLogger INFO Initialization successful for Email Id : daniel.artemiev@outlook.com in Environment : https://www.zohoapis.com.
2023-02-19 23:29:48 com\zoho\api\logger\SDKLogger INFO Initialization successful for Email Id : daniel.artemiev@outlook.com in Environment : https://www.zohoapis.com.
2023-02-19 23:32:10 com\zoho\api\logger\SDKLogger INFO Initialization successful for Email Id : daniel.artemiev@outlook.com in Environment : https://www.zohoapis.com.
2023-02-19 23:33:08 com\zoho\api\logger\SDKLogger INFO Initialization successful for Email Id : daniel.artemiev@outlook.com in Environment : https://www.zohoapis.com.
2023-02-19 23:33:40 com\zoho\api\logger\SDKLogger INFO Initialization successful for Email Id : daniel.artemiev@outlook.com in Environment : https://www.zohoapis.com.
2023-02-19 23:35:56 com\zoho\api\logger\SDKLogger INFO Initialization successful for Email Id : daniel.artemiev@outlook.com in Environment : https://www.zohoapis.com.
2023-02-19 23:39:17 com\zoho\api\logger\SDKLogger INFO Initialization successful for Email Id : daniel.artemiev@outlook.com in Environment : https://www.zohoapis.com.
2023-02-19 23:44:12 com\zoho\api\logger\SDKLogger INFO Initialization successful for Email Id : daniel.artemiev@outlook.com in Environment : https://www.zohoapis.com.
